  [1m[36m (3.7ms)[0m  [1mCREATE TABLE "schema_migrations" ("version" varchar(255) NOT NULL) [0m
  [1m[35m (16.0ms)[0m  CREATE UNIQUE INDEX "unique_schema_migrations" ON "schema_migrations" ("version")
  [1m[36mActiveRecord::SchemaMigration Load (0.1ms)[0m  [1mSELECT "schema_migrations".* FROM "schema_migrations"[0m
  [1m[36mActiveRecord::SchemaMigration Load (0.3ms)[0m  [1mSELECT "schema_migrations".* FROM "schema_migrations"[0m
Migrating to DeviseCreateUsers (20140105062732)
  [1m[35m (0.2ms)[0m  begin transaction
  [1m[36m (1.1ms)[0m  [1mCREATE TABLE "users" ("id" INTEGER PRIMARY KEY AUTOINCREMENT NOT NULL, "email" varchar(255) DEFAULT '' NOT NULL, "encrypted_password" varchar(255) DEFAULT '' NOT NULL, "reset_password_token" varchar(255), "reset_password_sent_at" datetime, "remember_created_at" datetime, "sign_in_count" integer DEFAULT 0 NOT NULL, "current_sign_in_at" datetime, "last_sign_in_at" datetime, "current_sign_in_ip" varchar(255), "last_sign_in_ip" varchar(255), "created_at" datetime, "updated_at" datetime) [0m
  [1m[35m (1.1ms)[0m  CREATE UNIQUE INDEX "index_users_on_email" ON "users" ("email")
  [1m[36m (0.4ms)[0m  [1mCREATE UNIQUE INDEX "index_users_on_reset_password_token" ON "users" ("reset_password_token")[0m
  [1m[35mSQL (0.9ms)[0m  INSERT INTO "schema_migrations" ("version") VALUES (?)  [["version", "20140105062732"]]
  [1m[36m (18.7ms)[0m  [1mcommit transaction[0m
  [1m[35mActiveRecord::SchemaMigration Load (0.2ms)[0m  SELECT "schema_migrations".* FROM "schema_migrations"
  [1m[36mActiveRecord::SchemaMigration Load (0.3ms)[0m  [1mSELECT "schema_migrations".* FROM "schema_migrations"[0m
  [1m[35mActiveRecord::SchemaMigration Load (0.2ms)[0m  SELECT "schema_migrations".* FROM "schema_migrations"
  [1m[36mActiveRecord::SchemaMigration Load (0.4ms)[0m  [1mSELECT "schema_migrations".* FROM "schema_migrations"[0m
  [1m[35mActiveRecord::SchemaMigration Load (0.2ms)[0m  SELECT "schema_migrations".* FROM "schema_migrations"
  [1m[36mUser Load (0.3ms)[0m  [1mSELECT "users".* FROM "users" ORDER BY "users"."id" DESC LIMIT 1[0m
  [1m[36mActiveRecord::SchemaMigration Load (0.2ms)[0m  [1mSELECT "schema_migrations".* FROM "schema_migrations"[0m
Migrating to AddColumnsToUsers (20140105065728)
  [1m[35m (0.2ms)[0m  begin transaction
  [1m[36m (0.8ms)[0m  [1mALTER TABLE "users" ADD "provider" varchar(255)[0m
  [1m[35m (0.4ms)[0m  ALTER TABLE "users" ADD "uid" varchar(255)
  [1m[36m (0.4ms)[0m  [1mALTER TABLE "users" ADD "name" varchar(255)[0m
  [1m[35mSQL (0.5ms)[0m  INSERT INTO "schema_migrations" ("version") VALUES (?)  [["version", "20140105065728"]]
  [1m[36m (10.4ms)[0m  [1mcommit transaction[0m
  [1m[35mActiveRecord::SchemaMigration Load (0.2ms)[0m  SELECT "schema_migrations".* FROM "schema_migrations"
  [1m[36mActiveRecord::SchemaMigration Load (0.3ms)[0m  [1mSELECT "schema_migrations".* FROM "schema_migrations"[0m
Migrating to AddGenderToUsers (20140105070451)
  [1m[35m (0.2ms)[0m  begin transaction
  [1m[36m (0.9ms)[0m  [1mALTER TABLE "users" ADD "gender" varchar(255)[0m
  [1m[35m (0.4ms)[0m  ALTER TABLE "users" ADD "birthday" varchar(255)
  [1m[36mSQL (0.4ms)[0m  [1mINSERT INTO "schema_migrations" ("version") VALUES (?)[0m  [["version", "20140105070451"]]
  [1m[35m (35.5ms)[0m  commit transaction
  [1m[36mActiveRecord::SchemaMigration Load (0.2ms)[0m  [1mSELECT "schema_migrations".* FROM "schema_migrations"[0m
  [1m[36mActiveRecord::SchemaMigration Load (0.5ms)[0m  [1mSELECT "schema_migrations".* FROM "schema_migrations"[0m
  [1m[35mActiveRecord::SchemaMigration Load (0.2ms)[0m  SELECT "schema_migrations".* FROM "schema_migrations"


Started GET "/" for 201.141.110.1 at 2014-01-05 07:22:31 +0000
  [1m[36mActiveRecord::SchemaMigration Load (0.3ms)[0m  [1mSELECT "schema_migrations".* FROM "schema_migrations"[0m
Processing by DisplayController#index as HTML
  Rendered display/index.html.erb within layouts/application (27.4ms)
Completed 200 OK in 575ms (Views: 524.9ms | ActiveRecord: 0.0ms)


Started GET "/assets/application.css?body=1" for 201.141.110.1 at 2014-01-05 07:22:33 +0000


Started GET "/assets/display.css?body=1" for 201.141.110.1 at 2014-01-05 07:22:33 +0000


Started GET "/assets/home.css?body=1" for 201.141.110.1 at 2014-01-05 07:22:33 +0000


Started GET "/assets/jquery.js?body=1" for 201.141.110.1 at 2014-01-05 07:22:33 +0000


Started GET "/assets/jquery_ujs.js?body=1" for 201.141.110.1 at 2014-01-05 07:22:33 +0000


Started GET "/assets/display.js?body=1" for 201.141.110.1 at 2014-01-05 07:22:33 +0000


Started GET "/assets/home.js?body=1" for 201.141.110.1 at 2014-01-05 07:22:33 +0000


Started GET "/assets/application.js?body=1" for 201.141.110.1 at 2014-01-05 07:22:33 +0000


Started GET "/users/auth/facebook" for 201.141.110.1 at 2014-01-05 07:22:35 +0000


Started GET "/" for 201.141.110.1 at 2014-01-05 07:22:49 +0000
Processing by DisplayController#index as HTML
  Rendered display/index.html.erb within layouts/application (2.4ms)
Completed 200 OK in 15ms (Views: 13.4ms | ActiveRecord: 0.0ms)


Started GET "/assets/application.css?body=1" for 201.141.110.1 at 2014-01-05 07:22:49 +0000


Started GET "/assets/display.css?body=1" for 201.141.110.1 at 2014-01-05 07:22:49 +0000


Started GET "/assets/home.css?body=1" for 201.141.110.1 at 2014-01-05 07:22:49 +0000


Started GET "/assets/jquery.js?body=1" for 201.141.110.1 at 2014-01-05 07:22:49 +0000


Started GET "/assets/jquery_ujs.js?body=1" for 201.141.110.1 at 2014-01-05 07:22:49 +0000


Started GET "/assets/display.js?body=1" for 201.141.110.1 at 2014-01-05 07:22:49 +0000


Started GET "/assets/home.js?body=1" for 201.141.110.1 at 2014-01-05 07:22:49 +0000


Started GET "/assets/application.js?body=1" for 201.141.110.1 at 2014-01-05 07:22:49 +0000


Started GET "/users/auth/facebook" for 201.141.110.1 at 2014-01-05 07:22:50 +0000


Started GET "/users/auth/facebook/callback?code=AQBZyNULgz9u5t8XXjGCC_8XFDCmxVP6fwiaynlkG8Ocdr-iacb4MpvoRsGYEC8hydttLDl7f4IvpeaWzaKLfykXqB6JOcxaPg_wTgPiKb3GYjvPOAGUrZTxQKL1oIowPKuV1wnMnLLvibdK3ok_-vmUxCwOzv6OcVoJhnEEG9T5LwQW6c8ESvRBfce3yGfhhJAoR9tpaeum_H9qd6QyHx_u_n3fK7-I-qJkXD3mHbHOgglGk5OEoOVcRvFoeIbKNFXapYsy0stz97DGHqPW585U-KpkFRO8vFhnuGUv0-oRwrgvgVpvp1gydybrFrcdmjI&state=235b6682908484148d90780d78347b45b2ca972cef741457" for 201.141.110.1 at 2014-01-05 07:22:51 +0000

ActionController::RoutingError (uninitialized constant Users):
  activesupport (4.0.2) lib/active_support/inflector/methods.rb:226:in `const_get'
  activesupport (4.0.2) lib/active_support/inflector/methods.rb:226:in `block in constantize'
  activesupport (4.0.2) lib/active_support/inflector/methods.rb:224:in `each'
  activesupport (4.0.2) lib/active_support/inflector/methods.rb:224:in `inject'
  activesupport (4.0.2) lib/active_support/inflector/methods.rb:224:in `constantize'
  actionpack (4.0.2) lib/action_dispatch/routing/route_set.rb:76:in `controller_reference'
  actionpack (4.0.2) lib/action_dispatch/routing/route_set.rb:66:in `controller'
  actionpack (4.0.2) lib/action_dispatch/routing/route_set.rb:44:in `call'
  actionpack (4.0.2) lib/action_dispatch/routing/mapper.rb:44:in `call'
  actionpack (4.0.2) lib/action_dispatch/journey/router.rb:71:in `block in call'
  actionpack (4.0.2) lib/action_dispatch/journey/router.rb:59:in `each'
  actionpack (4.0.2) lib/action_dispatch/journey/router.rb:59:in `call'
  actionpack (4.0.2) lib/action_dispatch/routing/route_set.rb:680:in `call'
  omniauth (1.1.4) lib/omniauth/strategy.rb:401:in `call_app!'
  omniauth (1.1.4) lib/omniauth/strategy.rb:363:in `callback_phase'
  omniauth-oauth2 (1.1.1) lib/omniauth/strategies/oauth2.rb:77:in `callback_phase'
  omniauth (1.1.4) lib/omniauth/strategy.rb:226:in `callback_call'
  omniauth (1.1.4) lib/omniauth/strategy.rb:182:in `call!'
  omniauth (1.1.4) lib/omniauth/strategy.rb:164:in `call'
  warden (1.2.3) lib/warden/manager.rb:35:in `block in call'
  warden (1.2.3) lib/warden/manager.rb:34:in `catch'
  warden (1.2.3) lib/warden/manager.rb:34:in `call'
  rack (1.5.2) lib/rack/etag.rb:23:in `call'
  rack (1.5.2) lib/rack/conditionalget.rb:25:in `call'
  rack (1.5.2) lib/rack/head.rb:11:in `call'
  actionpack (4.0.2) lib/action_dispatch/middleware/params_parser.rb:27:in `call'
  actionpack (4.0.2) lib/action_dispatch/middleware/flash.rb:241:in `call'
  rack (1.5.2) lib/rack/session/abstract/id.rb:225:in `context'
  rack (1.5.2) lib/rack/session/abstract/id.rb:220:in `call'
  actionpack (4.0.2) lib/action_dispatch/middleware/cookies.rb:486:in `call'
  activerecord (4.0.2) lib/active_record/query_cache.rb:36:in `call'
  activerecord (4.0.2) lib/active_record/connection_adapters/abstract/connection_pool.rb:626:in `call'
  activerecord (4.0.2) lib/active_record/migration.rb:369:in `call'
  actionpack (4.0.2) lib/action_dispatch/middleware/callbacks.rb:29:in `block in call'
  activesupport (4.0.2) lib/active_support/callbacks.rb:373:in `_run__2078508251842133403__call__callbacks'
  activesupport (4.0.2) lib/active_support/callbacks.rb:80:in `run_callbacks'
  actionpack (4.0.2) lib/action_dispatch/middleware/callbacks.rb:27:in `call'
  actionpack (4.0.2) lib/action_dispatch/middleware/reloader.rb:64:in `call'
  actionpack (4.0.2) lib/action_dispatch/middleware/remote_ip.rb:76:in `call'
  actionpack (4.0.2) lib/action_dispatch/middleware/debug_exceptions.rb:17:in `call'
  actionpack (4.0.2) lib/action_dispatch/middleware/show_exceptions.rb:30:in `call'
  railties (4.0.2) lib/rails/rack/logger.rb:38:in `call_app'
  railties (4.0.2) lib/rails/rack/logger.rb:20:in `block in call'
  activesupport (4.0.2) lib/active_support/tagged_logging.rb:67:in `block in tagged'
  activesupport (4.0.2) lib/active_support/tagged_logging.rb:25:in `tagged'
  activesupport (4.0.2) lib/active_support/tagged_logging.rb:67:in `tagged'
  railties (4.0.2) lib/rails/rack/logger.rb:20:in `call'
  actionpack (4.0.2) lib/action_dispatch/middleware/request_id.rb:21:in `call'
  rack (1.5.2) lib/rack/methodoverride.rb:21:in `call'
  rack (1.5.2) lib/rack/runtime.rb:17:in `call'
  activesupport (4.0.2) lib/active_support/cache/strategy/local_cache.rb:83:in `call'
  rack (1.5.2) lib/rack/lock.rb:17:in `call'
  actionpack (4.0.2) lib/action_dispatch/middleware/static.rb:64:in `call'
  rack (1.5.2) lib/rack/sendfile.rb:112:in `call'
  railties (4.0.2) lib/rails/engine.rb:511:in `call'
  railties (4.0.2) lib/rails/application.rb:97:in `call'
  rack (1.5.2) lib/rack/lock.rb:17:in `call'
  rack (1.5.2) lib/rack/content_length.rb:14:in `call'
  rack (1.5.2) lib/rack/handler/webrick.rb:60:in `service'
  /usr/local/rvm/rubies/ruby-2.0.0-p353/lib/ruby/2.0.0/webrick/httpserver.rb:138:in `service'
  /usr/local/rvm/rubies/ruby-2.0.0-p353/lib/ruby/2.0.0/webrick/httpserver.rb:94:in `run'
  /usr/local/rvm/rubies/ruby-2.0.0-p353/lib/ruby/2.0.0/webrick/server.rb:295:in `block in start_thread'


  Rendered /usr/local/rvm/gems/ruby-2.0.0-p353/gems/actionpack-4.0.2/lib/action_dispatch/middleware/templates/rescues/_trace.erb (2.9ms)
  Rendered /usr/local/rvm/gems/ruby-2.0.0-p353/gems/actionpack-4.0.2/lib/action_dispatch/middleware/templates/routes/_route.html.erb (5.1ms)
  Rendered /usr/local/rvm/gems/ruby-2.0.0-p353/gems/actionpack-4.0.2/lib/action_dispatch/middleware/templates/routes/_table.html.erb (8.0ms)
  Rendered /usr/local/rvm/gems/ruby-2.0.0-p353/gems/actionpack-4.0.2/lib/action_dispatch/middleware/templates/rescues/routing_error.erb within rescues/layout (85.1ms)


Started GET "/" for 201.141.110.1 at 2014-01-05 07:28:00 +0000
  [1m[36mActiveRecord::SchemaMigration Load (0.4ms)[0m  [1mSELECT "schema_migrations".* FROM "schema_migrations"[0m
Processing by DisplayController#index as HTML
  Rendered display/index.html.erb within layouts/application (29.5ms)
Completed 200 OK in 201ms (Views: 148.0ms | ActiveRecord: 0.0ms)


Started GET "/assets/application.css?body=1" for 201.141.110.1 at 2014-01-05 07:28:01 +0000


Started GET "/assets/display.css?body=1" for 201.141.110.1 at 2014-01-05 07:28:01 +0000


Started GET "/assets/home.css?body=1" for 201.141.110.1 at 2014-01-05 07:28:01 +0000


Started GET "/assets/jquery.js?body=1" for 201.141.110.1 at 2014-01-05 07:28:01 +0000


Started GET "/assets/jquery_ujs.js?body=1" for 201.141.110.1 at 2014-01-05 07:28:01 +0000


Started GET "/assets/display.js?body=1" for 201.141.110.1 at 2014-01-05 07:28:01 +0000


Started GET "/assets/home.js?body=1" for 201.141.110.1 at 2014-01-05 07:28:01 +0000


Started GET "/assets/application.js?body=1" for 201.141.110.1 at 2014-01-05 07:28:01 +0000


Started GET "/users/auth/facebook" for 201.141.110.1 at 2014-01-05 07:28:03 +0000


Started GET "/users/auth/facebook/callback?code=AQBt3K_ILBCmC54XYV54jujAFfvOTt9wZpn6xopZIskfuJndReS87aezQSryxaU8syYh3Xh4dlYOnemftde9Lw49APLWwmjz6dtkpq2WvLsuqMf96pe8kJhpfV4i1l7c6r-DaissXIbJ7FHgq8SDUvCRlXPB1NkcMjj3THjYA4qcKqE1vBSdQL4J3HCCR0GPM3IBQGdEAoEiS90NQCFl7VVSZ7rrb3Au4w6XFQUUf4F3OjdUvcWl863cC1kiqpqW7pmqFeP-0PQEfmPqxMj4SDXx5yxULwOCuvXdDz3mtq3s8ZhYWsHl1mZU8Jv4hmiZ7I8&state=8b7114e359f3de0f406d6b258e31837cd95e5357af87ab00" for 201.141.110.1 at 2014-01-05 07:28:04 +0000

ActionController::RoutingError (uninitialized constant Users):
  activesupport (4.0.2) lib/active_support/inflector/methods.rb:226:in `const_get'
  activesupport (4.0.2) lib/active_support/inflector/methods.rb:226:in `block in constantize'
  activesupport (4.0.2) lib/active_support/inflector/methods.rb:224:in `each'
  activesupport (4.0.2) lib/active_support/inflector/methods.rb:224:in `inject'
  activesupport (4.0.2) lib/active_support/inflector/methods.rb:224:in `constantize'
  actionpack (4.0.2) lib/action_dispatch/routing/route_set.rb:76:in `controller_reference'
  actionpack (4.0.2) lib/action_dispatch/routing/route_set.rb:66:in `controller'
  actionpack (4.0.2) lib/action_dispatch/routing/route_set.rb:44:in `call'
  actionpack (4.0.2) lib/action_dispatch/routing/mapper.rb:44:in `call'
  actionpack (4.0.2) lib/action_dispatch/journey/router.rb:71:in `block in call'
  actionpack (4.0.2) lib/action_dispatch/journey/router.rb:59:in `each'
  actionpack (4.0.2) lib/action_dispatch/journey/router.rb:59:in `call'
  actionpack (4.0.2) lib/action_dispatch/routing/route_set.rb:680:in `call'
  omniauth (1.1.4) lib/omniauth/strategy.rb:401:in `call_app!'
  omniauth (1.1.4) lib/omniauth/strategy.rb:363:in `callback_phase'
  omniauth-oauth2 (1.1.1) lib/omniauth/strategies/oauth2.rb:77:in `callback_phase'
  omniauth (1.1.4) lib/omniauth/strategy.rb:226:in `callback_call'
  omniauth (1.1.4) lib/omniauth/strategy.rb:182:in `call!'
  omniauth (1.1.4) lib/omniauth/strategy.rb:164:in `call'
  warden (1.2.3) lib/warden/manager.rb:35:in `block in call'
  warden (1.2.3) lib/warden/manager.rb:34:in `catch'
  warden (1.2.3) lib/warden/manager.rb:34:in `call'
  rack (1.5.2) lib/rack/etag.rb:23:in `call'
  rack (1.5.2) lib/rack/conditionalget.rb:25:in `call'
  rack (1.5.2) lib/rack/head.rb:11:in `call'
  actionpack (4.0.2) lib/action_dispatch/middleware/params_parser.rb:27:in `call'
  actionpack (4.0.2) lib/action_dispatch/middleware/flash.rb:241:in `call'
  rack (1.5.2) lib/rack/session/abstract/id.rb:225:in `context'
  rack (1.5.2) lib/rack/session/abstract/id.rb:220:in `call'
  actionpack (4.0.2) lib/action_dispatch/middleware/cookies.rb:486:in `call'
  activerecord (4.0.2) lib/active_record/query_cache.rb:36:in `call'
  activerecord (4.0.2) lib/active_record/connection_adapters/abstract/connection_pool.rb:626:in `call'
  activerecord (4.0.2) lib/active_record/migration.rb:369:in `call'
  actionpack (4.0.2) lib/action_dispatch/middleware/callbacks.rb:29:in `block in call'
  activesupport (4.0.2) lib/active_support/callbacks.rb:373:in `_run__1391433137165788699__call__callbacks'
  activesupport (4.0.2) lib/active_support/callbacks.rb:80:in `run_callbacks'
  actionpack (4.0.2) lib/action_dispatch/middleware/callbacks.rb:27:in `call'
  actionpack (4.0.2) lib/action_dispatch/middleware/reloader.rb:64:in `call'
  actionpack (4.0.2) lib/action_dispatch/middleware/remote_ip.rb:76:in `call'
  actionpack (4.0.2) lib/action_dispatch/middleware/debug_exceptions.rb:17:in `call'
  actionpack (4.0.2) lib/action_dispatch/middleware/show_exceptions.rb:30:in `call'
  railties (4.0.2) lib/rails/rack/logger.rb:38:in `call_app'
  railties (4.0.2) lib/rails/rack/logger.rb:20:in `block in call'
  activesupport (4.0.2) lib/active_support/tagged_logging.rb:67:in `block in tagged'
  activesupport (4.0.2) lib/active_support/tagged_logging.rb:25:in `tagged'
  activesupport (4.0.2) lib/active_support/tagged_logging.rb:67:in `tagged'
  railties (4.0.2) lib/rails/rack/logger.rb:20:in `call'
  actionpack (4.0.2) lib/action_dispatch/middleware/request_id.rb:21:in `call'
  rack (1.5.2) lib/rack/methodoverride.rb:21:in `call'
  rack (1.5.2) lib/rack/runtime.rb:17:in `call'
  activesupport (4.0.2) lib/active_support/cache/strategy/local_cache.rb:83:in `call'
  rack (1.5.2) lib/rack/lock.rb:17:in `call'
  actionpack (4.0.2) lib/action_dispatch/middleware/static.rb:64:in `call'
  rack (1.5.2) lib/rack/sendfile.rb:112:in `call'
  railties (4.0.2) lib/rails/engine.rb:511:in `call'
  railties (4.0.2) lib/rails/application.rb:97:in `call'
  rack (1.5.2) lib/rack/lock.rb:17:in `call'
  rack (1.5.2) lib/rack/content_length.rb:14:in `call'
  rack (1.5.2) lib/rack/handler/webrick.rb:60:in `service'
  /usr/local/rvm/rubies/ruby-2.0.0-p353/lib/ruby/2.0.0/webrick/httpserver.rb:138:in `service'
  /usr/local/rvm/rubies/ruby-2.0.0-p353/lib/ruby/2.0.0/webrick/httpserver.rb:94:in `run'
  /usr/local/rvm/rubies/ruby-2.0.0-p353/lib/ruby/2.0.0/webrick/server.rb:295:in `block in start_thread'


  Rendered /usr/local/rvm/gems/ruby-2.0.0-p353/gems/actionpack-4.0.2/lib/action_dispatch/middleware/templates/rescues/_trace.erb (3.0ms)
  Rendered /usr/local/rvm/gems/ruby-2.0.0-p353/gems/actionpack-4.0.2/lib/action_dispatch/middleware/templates/routes/_route.html.erb (5.0ms)
  Rendered /usr/local/rvm/gems/ruby-2.0.0-p353/gems/actionpack-4.0.2/lib/action_dispatch/middleware/templates/routes/_table.html.erb (7.6ms)
  Rendered /usr/local/rvm/gems/ruby-2.0.0-p353/gems/actionpack-4.0.2/lib/action_dispatch/middleware/templates/rescues/routing_error.erb within rescues/layout (73.1ms)


Started GET "/" for 201.141.110.1 at 2014-01-05 07:28:18 +0000
Processing by DisplayController#index as HTML
  Rendered display/index.html.erb within layouts/application (1.9ms)
Completed 200 OK in 12ms (Views: 10.6ms | ActiveRecord: 0.0ms)


Started GET "/assets/application.css?body=1" for 201.141.110.1 at 2014-01-05 07:28:19 +0000


Started GET "/assets/display.css?body=1" for 201.141.110.1 at 2014-01-05 07:28:19 +0000


Started GET "/assets/home.css?body=1" for 201.141.110.1 at 2014-01-05 07:28:19 +0000


Started GET "/assets/jquery.js?body=1" for 201.141.110.1 at 2014-01-05 07:28:19 +0000


Started GET "/assets/jquery_ujs.js?body=1" for 201.141.110.1 at 2014-01-05 07:28:19 +0000


Started GET "/assets/display.js?body=1" for 201.141.110.1 at 2014-01-05 07:28:19 +0000


Started GET "/assets/home.js?body=1" for 201.141.110.1 at 2014-01-05 07:28:20 +0000


Started GET "/assets/application.js?body=1" for 201.141.110.1 at 2014-01-05 07:28:20 +0000


Started GET "/users/sign_in" for 201.141.110.1 at 2014-01-05 07:28:22 +0000
Processing by Devise::SessionsController#new as HTML
  Rendered /usr/local/rvm/gems/ruby-2.0.0-p353/gems/devise-3.2.2/app/views/devise/shared/_links.erb (4.1ms)
  Rendered /usr/local/rvm/gems/ruby-2.0.0-p353/gems/devise-3.2.2/app/views/devise/sessions/new.html.erb within layouts/application (35.7ms)
Completed 200 OK in 90ms (Views: 45.8ms | ActiveRecord: 0.9ms)


Started GET "/assets/application.css?body=1" for 201.141.110.1 at 2014-01-05 07:28:22 +0000


Started GET "/assets/display.css?body=1" for 201.141.110.1 at 2014-01-05 07:28:23 +0000


Started GET "/assets/home.css?body=1" for 201.141.110.1 at 2014-01-05 07:28:23 +0000


Started GET "/assets/jquery.js?body=1" for 201.141.110.1 at 2014-01-05 07:28:23 +0000


Started GET "/assets/jquery_ujs.js?body=1" for 201.141.110.1 at 2014-01-05 07:28:23 +0000


Started GET "/assets/display.js?body=1" for 201.141.110.1 at 2014-01-05 07:28:23 +0000


Started GET "/assets/home.js?body=1" for 201.141.110.1 at 2014-01-05 07:28:23 +0000


Started GET "/assets/application.js?body=1" for 201.141.110.1 at 2014-01-05 07:28:23 +0000


Started GET "/users/auth/facebook" for 201.141.110.1 at 2014-01-05 07:28:27 +0000


Started GET "/users/auth/facebook/callback?code=AQAcKM91I8DRERZ8ud9SObVAxHrjzzM6mSWuTBrM-Ag9LAtD3FyQR65gceg9F-CIob7VtMzVyH5c5hx_vW6uPiV4-_2WzjDfwAukoPQlNDUC2RAXDXu3V5q6z1FwUksHh4zQPpB9K0Av0XhpVVnIXNPG5-T2OSO3TzxS906_vZjkYgg7C_3SSQFrfRxofxdwGJnh1r3cjD-D61VX-Aj4ByAHupq8DhmiNg8QicstT6-aP-yRo0SPYUzjNS9nrPRN5zb8WxCoGzXm8JHQEUNj3xLTM2Qal3sTmwzJYr2_CabnRQ6lO1Z4gt_ZHPX68WZGhrQ&state=2554f5534d146e67304e180b8a455b6a4c3868b501a97772" for 201.141.110.1 at 2014-01-05 07:28:28 +0000

ActionController::RoutingError (uninitialized constant Users):
  activesupport (4.0.2) lib/active_support/inflector/methods.rb:226:in `const_get'
  activesupport (4.0.2) lib/active_support/inflector/methods.rb:226:in `block in constantize'
  activesupport (4.0.2) lib/active_support/inflector/methods.rb:224:in `each'
  activesupport (4.0.2) lib/active_support/inflector/methods.rb:224:in `inject'
  activesupport (4.0.2) lib/active_support/inflector/methods.rb:224:in `constantize'
  actionpack (4.0.2) lib/action_dispatch/routing/route_set.rb:76:in `controller_reference'
  actionpack (4.0.2) lib/action_dispatch/routing/route_set.rb:66:in `controller'
  actionpack (4.0.2) lib/action_dispatch/routing/route_set.rb:44:in `call'
  actionpack (4.0.2) lib/action_dispatch/routing/mapper.rb:44:in `call'
  actionpack (4.0.2) lib/action_dispatch/journey/router.rb:71:in `block in call'
  actionpack (4.0.2) lib/action_dispatch/journey/router.rb:59:in `each'
  actionpack (4.0.2) lib/action_dispatch/journey/router.rb:59:in `call'
  actionpack (4.0.2) lib/action_dispatch/routing/route_set.rb:680:in `call'
  omniauth (1.1.4) lib/omniauth/strategy.rb:401:in `call_app!'
  omniauth (1.1.4) lib/omniauth/strategy.rb:363:in `callback_phase'
  omniauth-oauth2 (1.1.1) lib/omniauth/strategies/oauth2.rb:77:in `callback_phase'
  omniauth (1.1.4) lib/omniauth/strategy.rb:226:in `callback_call'
  omniauth (1.1.4) lib/omniauth/strategy.rb:182:in `call!'
  omniauth (1.1.4) lib/omniauth/strategy.rb:164:in `call'
  warden (1.2.3) lib/warden/manager.rb:35:in `block in call'
  warden (1.2.3) lib/warden/manager.rb:34:in `catch'
  warden (1.2.3) lib/warden/manager.rb:34:in `call'
  rack (1.5.2) lib/rack/etag.rb:23:in `call'
  rack (1.5.2) lib/rack/conditionalget.rb:25:in `call'
  rack (1.5.2) lib/rack/head.rb:11:in `call'
  actionpack (4.0.2) lib/action_dispatch/middleware/params_parser.rb:27:in `call'
  actionpack (4.0.2) lib/action_dispatch/middleware/flash.rb:241:in `call'
  rack (1.5.2) lib/rack/session/abstract/id.rb:225:in `context'
  rack (1.5.2) lib/rack/session/abstract/id.rb:220:in `call'
  actionpack (4.0.2) lib/action_dispatch/middleware/cookies.rb:486:in `call'
  activerecord (4.0.2) lib/active_record/query_cache.rb:36:in `call'
  activerecord (4.0.2) lib/active_record/connection_adapters/abstract/connection_pool.rb:626:in `call'
  activerecord (4.0.2) lib/active_record/migration.rb:369:in `call'
  actionpack (4.0.2) lib/action_dispatch/middleware/callbacks.rb:29:in `block in call'
  activesupport (4.0.2) lib/active_support/callbacks.rb:373:in `_run__1391433137165788699__call__callbacks'
  activesupport (4.0.2) lib/active_support/callbacks.rb:80:in `run_callbacks'
  actionpack (4.0.2) lib/action_dispatch/middleware/callbacks.rb:27:in `call'
  actionpack (4.0.2) lib/action_dispatch/middleware/reloader.rb:64:in `call'
  actionpack (4.0.2) lib/action_dispatch/middleware/remote_ip.rb:76:in `call'
  actionpack (4.0.2) lib/action_dispatch/middleware/debug_exceptions.rb:17:in `call'
  actionpack (4.0.2) lib/action_dispatch/middleware/show_exceptions.rb:30:in `call'
  railties (4.0.2) lib/rails/rack/logger.rb:38:in `call_app'
  railties (4.0.2) lib/rails/rack/logger.rb:20:in `block in call'
  activesupport (4.0.2) lib/active_support/tagged_logging.rb:67:in `block in tagged'
  activesupport (4.0.2) lib/active_support/tagged_logging.rb:25:in `tagged'
  activesupport (4.0.2) lib/active_support/tagged_logging.rb:67:in `tagged'
  railties (4.0.2) lib/rails/rack/logger.rb:20:in `call'
  actionpack (4.0.2) lib/action_dispatch/middleware/request_id.rb:21:in `call'
  rack (1.5.2) lib/rack/methodoverride.rb:21:in `call'
  rack (1.5.2) lib/rack/runtime.rb:17:in `call'
  activesupport (4.0.2) lib/active_support/cache/strategy/local_cache.rb:83:in `call'
  rack (1.5.2) lib/rack/lock.rb:17:in `call'
  actionpack (4.0.2) lib/action_dispatch/middleware/static.rb:64:in `call'
  rack (1.5.2) lib/rack/sendfile.rb:112:in `call'
  railties (4.0.2) lib/rails/engine.rb:511:in `call'
  railties (4.0.2) lib/rails/application.rb:97:in `call'
  rack (1.5.2) lib/rack/lock.rb:17:in `call'
  rack (1.5.2) lib/rack/content_length.rb:14:in `call'
  rack (1.5.2) lib/rack/handler/webrick.rb:60:in `service'
  /usr/local/rvm/rubies/ruby-2.0.0-p353/lib/ruby/2.0.0/webrick/httpserver.rb:138:in `service'
  /usr/local/rvm/rubies/ruby-2.0.0-p353/lib/ruby/2.0.0/webrick/httpserver.rb:94:in `run'
  /usr/local/rvm/rubies/ruby-2.0.0-p353/lib/ruby/2.0.0/webrick/server.rb:295:in `block in start_thread'


  Rendered /usr/local/rvm/gems/ruby-2.0.0-p353/gems/actionpack-4.0.2/lib/action_dispatch/middleware/templates/rescues/_trace.erb (3.2ms)
  Rendered /usr/local/rvm/gems/ruby-2.0.0-p353/gems/actionpack-4.0.2/lib/action_dispatch/middleware/templates/routes/_route.html.erb (5.3ms)
  Rendered /usr/local/rvm/gems/ruby-2.0.0-p353/gems/actionpack-4.0.2/lib/action_dispatch/middleware/templates/routes/_table.html.erb (2.8ms)
  Rendered /usr/local/rvm/gems/ruby-2.0.0-p353/gems/actionpack-4.0.2/lib/action_dispatch/middleware/templates/rescues/routing_error.erb within rescues/layout (65.6ms)


Started GET "/users/auth/facebook/callback?code=AQAcKM91I8DRERZ8ud9SObVAxHrjzzM6mSWuTBrM-Ag9LAtD3FyQR65gceg9F-CIob7VtMzVyH5c5hx_vW6uPiV4-_2WzjDfwAukoPQlNDUC2RAXDXu3V5q6z1FwUksHh4zQPpB9K0Av0XhpVVnIXNPG5-T2OSO3TzxS906_vZjkYgg7C_3SSQFrfRxofxdwGJnh1r3cjD-D61VX-Aj4ByAHupq8DhmiNg8QicstT6-aP-yRo0SPYUzjNS9nrPRN5zb8WxCoGzXm8JHQEUNj3xLTM2Qal3sTmwzJYr2_CabnRQ6lO1Z4gt_ZHPX68WZGhrQ&state=2554f5534d146e67304e180b8a455b6a4c3868b501a97772" for 201.141.110.1 at 2014-01-05 07:32:19 +0000
Processing by Users::OmniauthCallbacksController#failure as HTML
  Parameters: {"code"=>"AQAcKM91I8DRERZ8ud9SObVAxHrjzzM6mSWuTBrM-Ag9LAtD3FyQR65gceg9F-CIob7VtMzVyH5c5hx_vW6uPiV4-_2WzjDfwAukoPQlNDUC2RAXDXu3V5q6z1FwUksHh4zQPpB9K0Av0XhpVVnIXNPG5-T2OSO3TzxS906_vZjkYgg7C_3SSQFrfRxofxdwGJnh1r3cjD-D61VX-Aj4ByAHupq8DhmiNg8QicstT6-aP-yRo0SPYUzjNS9nrPRN5zb8WxCoGzXm8JHQEUNj3xLTM2Qal3sTmwzJYr2_CabnRQ6lO1Z4gt_ZHPX68WZGhrQ", "state"=>"2554f5534d146e67304e180b8a455b6a4c3868b501a97772"}
Redirected to http://162.243.211.84:3000/users/sign_in
Completed 302 Found in 4ms (ActiveRecord: 0.0ms)


Started GET "/users/sign_in" for 201.141.110.1 at 2014-01-05 07:32:20 +0000
Processing by Devise::SessionsController#new as HTML
  Rendered /usr/local/rvm/gems/ruby-2.0.0-p353/gems/devise-3.2.2/app/views/devise/shared/_links.erb (1.7ms)
  Rendered /usr/local/rvm/gems/ruby-2.0.0-p353/gems/devise-3.2.2/app/views/devise/sessions/new.html.erb within layouts/application (10.1ms)
Completed 200 OK in 75ms (Views: 20.8ms | ActiveRecord: 1.5ms)


Started GET "/assets/application.css?body=1" for 201.141.110.1 at 2014-01-05 07:32:20 +0000


Started GET "/assets/display.css?body=1" for 201.141.110.1 at 2014-01-05 07:32:20 +0000


Started GET "/assets/home.css?body=1" for 201.141.110.1 at 2014-01-05 07:32:20 +0000


Started GET "/assets/jquery.js?body=1" for 201.141.110.1 at 2014-01-05 07:32:20 +0000


Started GET "/assets/jquery_ujs.js?body=1" for 201.141.110.1 at 2014-01-05 07:32:20 +0000


Started GET "/assets/display.js?body=1" for 201.141.110.1 at 2014-01-05 07:32:20 +0000


Started GET "/assets/home.js?body=1" for 201.141.110.1 at 2014-01-05 07:32:20 +0000


Started GET "/assets/application.js?body=1" for 201.141.110.1 at 2014-01-05 07:32:20 +0000


Started GET "/users/auth/facebook" for 201.141.110.1 at 2014-01-05 07:32:23 +0000


Started GET "/users/auth/facebook/callback?code=AQA8fyb3c0LWZ_lLkslUgRLdqQEK6QAb0xRjyaBDCi59tgPmMdofYOuD9FwnsRs1xpF7HVO_OBeKNKozy2RZ0gBYTFc6eozW63Ya_Pkl4qPCECiL2jZ4iIPToOeGQG0nDbup1YYuSNmkffaPpVkjcxtt947vqiOfNNhYcH_ufpaiiJGx3kMDv6BCgmIs_vhxLljwLl-NZuEL2cYTK768WRgbmu3UHWOBFKHY-8-nm1-5JbcFCBRcI7yPSaJyd-lxWkLh-NZ6mdOJ5-gFi6ug2GYEbP9FX6Gi06yKiaeFEx4NBVdVItdhtRhlbP4vmA4WmD8&state=0533d8f074bc5a5f1e37bed78723c7aa3ed5e3a7c2db8b69" for 201.141.110.1 at 2014-01-05 07:32:23 +0000
Processing by Users::OmniauthCallbacksController#facebook as HTML
  Parameters: {"code"=>"AQA8fyb3c0LWZ_lLkslUgRLdqQEK6QAb0xRjyaBDCi59tgPmMdofYOuD9FwnsRs1xpF7HVO_OBeKNKozy2RZ0gBYTFc6eozW63Ya_Pkl4qPCECiL2jZ4iIPToOeGQG0nDbup1YYuSNmkffaPpVkjcxtt947vqiOfNNhYcH_ufpaiiJGx3kMDv6BCgmIs_vhxLljwLl-NZuEL2cYTK768WRgbmu3UHWOBFKHY-8-nm1-5JbcFCBRcI7yPSaJyd-lxWkLh-NZ6mdOJ5-gFi6ug2GYEbP9FX6Gi06yKiaeFEx4NBVdVItdhtRhlbP4vmA4WmD8", "state"=>"0533d8f074bc5a5f1e37bed78723c7aa3ed5e3a7c2db8b69"}
  [1m[35mUser Load (0.6ms)[0m  SELECT "users".* FROM "users" WHERE "users"."provider" = 'facebook' AND "users"."uid" = '698860797' ORDER BY "users"."id" ASC LIMIT 1
#<OmniAuth::AuthHash credentials=#<OmniAuth::AuthHash expires=true expires_at=1394090477 token="CAAJHNAoZC16EBAP2ZAK7GvdY6KUQaxuVulku2QTZBQIexq311sQo1EnTgIFWMLo6fmvzNjvOj3miZBYiGTyhHSItAvjx1tNzXFe02Gz7kpJLbjKQoIg0vnrxO4jS0Uc6vvJZBGqdHD8McP6AHhMPJynyzn4eWqa7YnbUTmzKAnBtfNRJKeEZCnw2vu4OkxPngZD"> extra=#<OmniAuth::AuthHash raw_info=#<OmniAuth::AuthHash bio="LUST" birthday="10/08/1992" education=[#<OmniAuth::AuthHash school=#<OmniAuth::AuthHash id="115167268499095" name="Facultad de Ingenieria, UNAM"> type="College">] email="maudiruiz@hotmail.com" favorite_athletes=[#<OmniAuth::AuthHash id="534297216587203" name="Ponce De León Expediciones">] first_name="Mau" gender="male" hometown=#<OmniAuth::AuthHash id="114897945188014" name="Mexico City, Mexico"> id="698860797" last_name="Ruiz" link="https://www.facebook.com/mau.ruiz.9" locale="es_LA" location=#<OmniAuth::AuthHash id="114897945188014" name="Mexico City, Mexico"> name="Mau Ruiz" timezone=-6 updated_time="2014-01-03T21:11:50+0000" username="mau.ruiz.9" verified=true>> info=#<OmniAuth::AuthHash::InfoHash description="LUST" email="maudiruiz@hotmail.com" first_name="Mau" image="http://graph.facebook.com/698860797/picture?type=square" last_name="Ruiz" location="Mexico City, Mexico" name="Mau Ruiz" nickname="mau.ruiz.9" urls=#<OmniAuth::AuthHash Facebook="https://www.facebook.com/mau.ruiz.9"> verified=true> provider="facebook" uid="698860797">
WARNING: Can't mass-assign protected attributes for User: name, provider, uid, gender, birthday, email, password
	app/models/user.rb:15:in `find_for_facebook_oauth'
	app/controllers/users/omniauth_callbacks_controller.rb:4:in `facebook'
  [1m[36m (0.2ms)[0m  [1mbegin transaction[0m
  [1m[35m (0.2ms)[0m  rollback transaction
Redirected to http://162.243.211.84:3000/users/sign_up
Completed 302 Found in 35ms (ActiveRecord: 1.1ms)


Started GET "/users/sign_up" for 201.141.110.1 at 2014-01-05 07:32:24 +0000
Processing by Devise::RegistrationsController#new as HTML
  Rendered /usr/local/rvm/gems/ruby-2.0.0-p353/gems/devise-3.2.2/app/views/devise/shared/_links.erb (1.5ms)
  Rendered /usr/local/rvm/gems/ruby-2.0.0-p353/gems/devise-3.2.2/app/views/devise/registrations/new.html.erb within layouts/application (151.1ms)
Completed 200 OK in 176ms (Views: 172.1ms | ActiveRecord: 0.0ms)


Started GET "/assets/application.css?body=1" for 201.141.110.1 at 2014-01-05 07:32:24 +0000


Started GET "/assets/display.css?body=1" for 201.141.110.1 at 2014-01-05 07:32:24 +0000


Started GET "/assets/home.css?body=1" for 201.141.110.1 at 2014-01-05 07:32:24 +0000


Started GET "/assets/jquery.js?body=1" for 201.141.110.1 at 2014-01-05 07:32:25 +0000


Started GET "/assets/jquery_ujs.js?body=1" for 201.141.110.1 at 2014-01-05 07:32:25 +0000


Started GET "/assets/display.js?body=1" for 201.141.110.1 at 2014-01-05 07:32:25 +0000


Started GET "/assets/home.js?body=1" for 201.141.110.1 at 2014-01-05 07:32:25 +0000


Started GET "/assets/application.js?body=1" for 201.141.110.1 at 2014-01-05 07:32:25 +0000


Started GET "/" for 201.141.110.1 at 2014-01-05 07:32:29 +0000
Processing by DisplayController#index as HTML
  Rendered display/index.html.erb within layouts/application (2.0ms)
Completed 200 OK in 14ms (Views: 11.7ms | ActiveRecord: 0.0ms)


Started GET "/assets/display.css?body=1" for 201.141.110.1 at 2014-01-05 07:32:29 +0000


Started GET "/assets/home.css?body=1" for 201.141.110.1 at 2014-01-05 07:32:29 +0000


Started GET "/assets/jquery.js?body=1" for 201.141.110.1 at 2014-01-05 07:32:29 +0000


Started GET "/assets/jquery_ujs.js?body=1" for 201.141.110.1 at 2014-01-05 07:32:29 +0000


Started GET "/assets/display.js?body=1" for 201.141.110.1 at 2014-01-05 07:32:29 +0000


Started GET "/assets/home.js?body=1" for 201.141.110.1 at 2014-01-05 07:32:29 +0000


Started GET "/assets/application.css?body=1" for 201.141.110.1 at 2014-01-05 07:32:29 +0000


Started GET "/assets/application.js?body=1" for 201.141.110.1 at 2014-01-05 07:32:29 +0000


Started GET "/users/auth/facebook" for 201.141.110.1 at 2014-01-05 07:32:31 +0000


Started GET "/users/auth/facebook/callback?code=AQAQa-L5tJcQTOvt7HkVdqJSRB0tSCqwFvynDAIa_FwD3BOLEO89Dqo6I_FuyRjq2yP7UCVE6aywYGvQdRD5NHsCUmDbxR7DnTbQ3rWPwZDe_gUXXTucfPJvGEGMugDeBKCHEU20zDfrNgvX9exmH4VSUzlKy87SWxkWB0_YlNXrukO8Xd5dnpCYfsnfyPyFBg6ZVA8D3AdmEzRsmvFRnmXziRMSrS1eHfW-rwEPVq8swddx1_Yfuv0Jxa9cVc8TXdf00CLrNI_CpeAY72yTN387eee_Bg0DMR-qPz5lJJZJv-aOH4HX7o9kZMbz-S-O_iI&state=2e9598f5aebdc4fdfc7812665ca97fbcec5fce2283f81856" for 201.141.110.1 at 2014-01-05 07:32:32 +0000
Processing by Users::OmniauthCallbacksController#facebook as HTML
  Parameters: {"code"=>"AQAQa-L5tJcQTOvt7HkVdqJSRB0tSCqwFvynDAIa_FwD3BOLEO89Dqo6I_FuyRjq2yP7UCVE6aywYGvQdRD5NHsCUmDbxR7DnTbQ3rWPwZDe_gUXXTucfPJvGEGMugDeBKCHEU20zDfrNgvX9exmH4VSUzlKy87SWxkWB0_YlNXrukO8Xd5dnpCYfsnfyPyFBg6ZVA8D3AdmEzRsmvFRnmXziRMSrS1eHfW-rwEPVq8swddx1_Yfuv0Jxa9cVc8TXdf00CLrNI_CpeAY72yTN387eee_Bg0DMR-qPz5lJJZJv-aOH4HX7o9kZMbz-S-O_iI", "state"=>"2e9598f5aebdc4fdfc7812665ca97fbcec5fce2283f81856"}
  [1m[36mUser Load (0.5ms)[0m  [1mSELECT "users".* FROM "users" WHERE "users"."provider" = 'facebook' AND "users"."uid" = '698860797' ORDER BY "users"."id" ASC LIMIT 1[0m
#<OmniAuth::AuthHash credentials=#<OmniAuth::AuthHash expires=true expires_at=1394090477 token="CAAJHNAoZC16EBAE3zbJapZAv7fcEZCRLLgPQShOCWCrkfUaBmGWhT0TaMKQwfvZAeg15uyQ4pLycrhNaZCzt0WFfjDVFMZBD0nf1hzwbUmnBeLR4pBoLlNm9A6kpGDJii0aV4D16epcGit4Cq9WINaK99MYZAgOQZCKn5kkaYiPhjcoCdKa5ekGgO1ggub5eKUQZD"> extra=#<OmniAuth::AuthHash raw_info=#<OmniAuth::AuthHash bio="LUST" birthday="10/08/1992" education=[#<OmniAuth::AuthHash school=#<OmniAuth::AuthHash id="115167268499095" name="Facultad de Ingenieria, UNAM"> type="College">] email="maudiruiz@hotmail.com" favorite_athletes=[#<OmniAuth::AuthHash id="534297216587203" name="Ponce De León Expediciones">] first_name="Mau" gender="male" hometown=#<OmniAuth::AuthHash id="114897945188014" name="Mexico City, Mexico"> id="698860797" last_name="Ruiz" link="https://www.facebook.com/mau.ruiz.9" locale="es_LA" location=#<OmniAuth::AuthHash id="114897945188014" name="Mexico City, Mexico"> name="Mau Ruiz" timezone=-6 updated_time="2014-01-03T21:11:50+0000" username="mau.ruiz.9" verified=true>> info=#<OmniAuth::AuthHash::InfoHash description="LUST" email="maudiruiz@hotmail.com" first_name="Mau" image="http://graph.facebook.com/698860797/picture?type=square" last_name="Ruiz" location="Mexico City, Mexico" name="Mau Ruiz" nickname="mau.ruiz.9" urls=#<OmniAuth::AuthHash Facebook="https://www.facebook.com/mau.ruiz.9"> verified=true> provider="facebook" uid="698860797">
WARNING: Can't mass-assign protected attributes for User: name, provider, uid, gender, birthday, email, password
	app/models/user.rb:15:in `find_for_facebook_oauth'
	app/controllers/users/omniauth_callbacks_controller.rb:4:in `facebook'
  [1m[35m (0.2ms)[0m  begin transaction
  [1m[36m (0.2ms)[0m  [1mrollback transaction[0m
Redirected to http://162.243.211.84:3000/users/sign_up
Completed 302 Found in 24ms (ActiveRecord: 0.9ms)


Started GET "/users/sign_up" for 201.141.110.1 at 2014-01-05 07:32:32 +0000
Processing by Devise::RegistrationsController#new as HTML
  Rendered /usr/local/rvm/gems/ruby-2.0.0-p353/gems/devise-3.2.2/app/views/devise/shared/_links.erb (1.5ms)
  Rendered /usr/local/rvm/gems/ruby-2.0.0-p353/gems/devise-3.2.2/app/views/devise/registrations/new.html.erb within layouts/application (8.2ms)
Completed 200 OK in 21ms (Views: 18.5ms | ActiveRecord: 0.0ms)


Started GET "/assets/application.css?body=1" for 201.141.110.1 at 2014-01-05 07:32:33 +0000


Started GET "/assets/display.css?body=1" for 201.141.110.1 at 2014-01-05 07:32:33 +0000


Started GET "/assets/home.css?body=1" for 201.141.110.1 at 2014-01-05 07:32:33 +0000


Started GET "/assets/jquery.js?body=1" for 201.141.110.1 at 2014-01-05 07:32:33 +0000


Started GET "/assets/jquery_ujs.js?body=1" for 201.141.110.1 at 2014-01-05 07:32:33 +0000


Started GET "/assets/display.js?body=1" for 201.141.110.1 at 2014-01-05 07:32:33 +0000


Started GET "/assets/home.js?body=1" for 201.141.110.1 at 2014-01-05 07:32:33 +0000


Started GET "/assets/application.js?body=1" for 201.141.110.1 at 2014-01-05 07:32:33 +0000


Started POST "/users" for 201.141.110.1 at 2014-01-05 07:33:15 +0000
Processing by Devise::RegistrationsController#create as HTML
  Parameters: {"utf8"=>"✓", "authenticity_token"=>"fQK3LPxG/kGjrvTZWWz6NrU5bf3Ar039ZmvoyOSWxo0=", "user"=>{"email"=>"maudiruiz@gmail.com", "password"=>"[FILTERED]", "password_confirmation"=>"[FILTERED]"}, "commit"=>"Sign up"}
WARNING: Can't mass-assign protected attributes for User: email, password, password_confirmation

  [1m[35m (0.2ms)[0m  begin transaction
  [1m[36m (0.1ms)[0m  [1mrollback transaction[0m
  Rendered /usr/local/rvm/gems/ruby-2.0.0-p353/gems/devise-3.2.2/app/views/devise/shared/_links.erb (1.4ms)
  Rendered /usr/local/rvm/gems/ruby-2.0.0-p353/gems/devise-3.2.2/app/views/devise/registrations/new.html.erb within layouts/application (11.6ms)
Completed 200 OK in 43ms (Views: 21.8ms | ActiveRecord: 0.3ms)


Started GET "/assets/application.css?body=1" for 201.141.110.1 at 2014-01-05 07:33:15 +0000


Started GET "/assets/display.css?body=1" for 201.141.110.1 at 2014-01-05 07:33:16 +0000


Started GET "/assets/home.css?body=1" for 201.141.110.1 at 2014-01-05 07:33:16 +0000


Started GET "/assets/jquery.js?body=1" for 201.141.110.1 at 2014-01-05 07:33:16 +0000


Started GET "/assets/jquery_ujs.js?body=1" for 201.141.110.1 at 2014-01-05 07:33:16 +0000


Started GET "/assets/display.js?body=1" for 201.141.110.1 at 2014-01-05 07:33:16 +0000


Started GET "/assets/home.js?body=1" for 201.141.110.1 at 2014-01-05 07:33:16 +0000


Started GET "/assets/application.js?body=1" for 201.141.110.1 at 2014-01-05 07:33:16 +0000


Started POST "/users" for 201.141.110.1 at 2014-01-05 07:33:26 +0000
Processing by Devise::RegistrationsController#create as HTML
  Parameters: {"utf8"=>"✓", "authenticity_token"=>"fQK3LPxG/kGjrvTZWWz6NrU5bf3Ar039ZmvoyOSWxo0=", "user"=>{"email"=>"mau@gmail.com", "password"=>"[FILTERED]", "password_confirmation"=>"[FILTERED]"}, "commit"=>"Sign up"}
WARNING: Can't mass-assign protected attributes for User: email, password, password_confirmation

  [1m[35m (0.4ms)[0m  begin transaction
  [1m[36m (0.1ms)[0m  [1mrollback transaction[0m
  Rendered /usr/local/rvm/gems/ruby-2.0.0-p353/gems/devise-3.2.2/app/views/devise/shared/_links.erb (1.2ms)
  Rendered /usr/local/rvm/gems/ruby-2.0.0-p353/gems/devise-3.2.2/app/views/devise/registrations/new.html.erb within layouts/application (9.4ms)
Completed 200 OK in 129ms (Views: 110.3ms | ActiveRecord: 0.5ms)


Started GET "/assets/application.css?body=1" for 201.141.110.1 at 2014-01-05 07:33:26 +0000


Started GET "/assets/display.css?body=1" for 201.141.110.1 at 2014-01-05 07:33:26 +0000


Started GET "/assets/home.css?body=1" for 201.141.110.1 at 2014-01-05 07:33:26 +0000


Started GET "/assets/jquery.js?body=1" for 201.141.110.1 at 2014-01-05 07:33:26 +0000


Started GET "/assets/jquery_ujs.js?body=1" for 201.141.110.1 at 2014-01-05 07:33:26 +0000


Started GET "/assets/display.js?body=1" for 201.141.110.1 at 2014-01-05 07:33:26 +0000


Started GET "/assets/home.js?body=1" for 201.141.110.1 at 2014-01-05 07:33:26 +0000


Started GET "/assets/application.js?body=1" for 201.141.110.1 at 2014-01-05 07:33:26 +0000


Started GET "/" for 201.141.110.1 at 2014-01-05 07:33:39 +0000
Processing by DisplayController#index as HTML
  Rendered display/index.html.erb within layouts/application (1.8ms)
Completed 200 OK in 12ms (Views: 10.0ms | ActiveRecord: 0.0ms)


Started GET "/assets/application.css?body=1" for 201.141.110.1 at 2014-01-05 07:33:40 +0000


Started GET "/assets/display.css?body=1" for 201.141.110.1 at 2014-01-05 07:33:40 +0000


Started GET "/assets/jquery.js?body=1" for 201.141.110.1 at 2014-01-05 07:33:40 +0000


Started GET "/assets/jquery_ujs.js?body=1" for 201.141.110.1 at 2014-01-05 07:33:40 +0000


Started GET "/assets/home.css?body=1" for 201.141.110.1 at 2014-01-05 07:33:40 +0000


Started GET "/assets/display.js?body=1" for 201.141.110.1 at 2014-01-05 07:33:40 +0000


Started GET "/assets/home.js?body=1" for 201.141.110.1 at 2014-01-05 07:33:40 +0000


Started GET "/assets/application.js?body=1" for 201.141.110.1 at 2014-01-05 07:33:40 +0000


Started GET "/users/sign_in" for 201.141.110.1 at 2014-01-05 07:33:42 +0000
Processing by Devise::SessionsController#new as HTML
  Rendered /usr/local/rvm/gems/ruby-2.0.0-p353/gems/devise-3.2.2/app/views/devise/shared/_links.erb (2.2ms)
  Rendered /usr/local/rvm/gems/ruby-2.0.0-p353/gems/devise-3.2.2/app/views/devise/sessions/new.html.erb within layouts/application (10.0ms)
Completed 200 OK in 25ms (Views: 21.2ms | ActiveRecord: 0.0ms)


Started GET "/assets/application.css?body=1" for 201.141.110.1 at 2014-01-05 07:33:42 +0000


Started GET "/assets/display.css?body=1" for 201.141.110.1 at 2014-01-05 07:33:42 +0000


Started GET "/assets/home.css?body=1" for 201.141.110.1 at 2014-01-05 07:33:42 +0000


Started GET "/assets/jquery.js?body=1" for 201.141.110.1 at 2014-01-05 07:33:42 +0000


Started GET "/assets/jquery_ujs.js?body=1" for 201.141.110.1 at 2014-01-05 07:33:42 +0000


Started GET "/assets/display.js?body=1" for 201.141.110.1 at 2014-01-05 07:33:42 +0000


Started GET "/assets/home.js?body=1" for 201.141.110.1 at 2014-01-05 07:33:42 +0000


Started GET "/assets/application.js?body=1" for 201.141.110.1 at 2014-01-05 07:33:42 +0000


Started POST "/users/sign_in" for 201.141.110.1 at 2014-01-05 07:33:47 +0000
Processing by Devise::SessionsController#create as HTML
  Parameters: {"utf8"=>"✓", "authenticity_token"=>"fQK3LPxG/kGjrvTZWWz6NrU5bf3Ar039ZmvoyOSWxo0=", "user"=>{"email"=>"maudiruiz@gmail.com", "password"=>"[FILTERED]", "remember_me"=>"0"}, "commit"=>"Sign in"}
  [1m[35mUser Load (0.5ms)[0m  SELECT "users".* FROM "users" WHERE "users"."email" = 'maudiruiz@gmail.com' ORDER BY "users"."id" ASC LIMIT 1
Completed 401 Unauthorized in 7ms
Processing by Devise::SessionsController#new as HTML
  Parameters: {"utf8"=>"✓", "authenticity_token"=>"fQK3LPxG/kGjrvTZWWz6NrU5bf3Ar039ZmvoyOSWxo0=", "user"=>{"email"=>"maudiruiz@gmail.com", "password"=>"[FILTERED]", "remember_me"=>"0"}, "commit"=>"Sign in"}
WARNING: Can't mass-assign protected attributes for User: email, password, remember_me

  Rendered /usr/local/rvm/gems/ruby-2.0.0-p353/gems/devise-3.2.2/app/views/devise/shared/_links.erb (1.6ms)
  Rendered /usr/local/rvm/gems/ruby-2.0.0-p353/gems/devise-3.2.2/app/views/devise/sessions/new.html.erb within layouts/application (8.9ms)
Completed 200 OK in 28ms (Views: 19.0ms | ActiveRecord: 0.0ms)


Started GET "/assets/application.css?body=1" for 201.141.110.1 at 2014-01-05 07:33:47 +0000


Started GET "/assets/display.css?body=1" for 201.141.110.1 at 2014-01-05 07:33:47 +0000


Started GET "/assets/home.css?body=1" for 201.141.110.1 at 2014-01-05 07:33:47 +0000


Started GET "/assets/jquery.js?body=1" for 201.141.110.1 at 2014-01-05 07:33:47 +0000


Started GET "/assets/jquery_ujs.js?body=1" for 201.141.110.1 at 2014-01-05 07:33:47 +0000


Started GET "/assets/display.js?body=1" for 201.141.110.1 at 2014-01-05 07:33:47 +0000


Started GET "/assets/home.js?body=1" for 201.141.110.1 at 2014-01-05 07:33:47 +0000


Started GET "/assets/application.js?body=1" for 201.141.110.1 at 2014-01-05 07:33:47 +0000


Started GET "/users/sign_up" for 201.141.110.1 at 2014-01-05 07:33:49 +0000
Processing by Devise::RegistrationsController#new as HTML
  Rendered /usr/local/rvm/gems/ruby-2.0.0-p353/gems/devise-3.2.2/app/views/devise/shared/_links.erb (1.7ms)
  Rendered /usr/local/rvm/gems/ruby-2.0.0-p353/gems/devise-3.2.2/app/views/devise/registrations/new.html.erb within layouts/application (9.1ms)
Completed 200 OK in 24ms (Views: 19.9ms | ActiveRecord: 0.0ms)


Started GET "/assets/application.css?body=1" for 201.141.110.1 at 2014-01-05 07:33:49 +0000


Started GET "/assets/display.css?body=1" for 201.141.110.1 at 2014-01-05 07:33:49 +0000


Started GET "/assets/jquery.js?body=1" for 201.141.110.1 at 2014-01-05 07:33:49 +0000


Started GET "/assets/jquery_ujs.js?body=1" for 201.141.110.1 at 2014-01-05 07:33:50 +0000


Started GET "/assets/application.js?body=1" for 201.141.110.1 at 2014-01-05 07:33:50 +0000


Started GET "/assets/home.css?body=1" for 201.141.110.1 at 2014-01-05 07:33:50 +0000


Started GET "/assets/display.js?body=1" for 201.141.110.1 at 2014-01-05 07:33:50 +0000


Started GET "/assets/home.js?body=1" for 201.141.110.1 at 2014-01-05 07:33:50 +0000


Started GET "/users/sign_up" for 201.141.110.1 at 2014-01-05 07:34:36 +0000
Processing by Devise::RegistrationsController#new as HTML
  Rendered /usr/local/rvm/gems/ruby-2.0.0-p353/gems/devise-3.2.2/app/views/devise/shared/_links.erb (2.3ms)
  Rendered /usr/local/rvm/gems/ruby-2.0.0-p353/gems/devise-3.2.2/app/views/devise/registrations/new.html.erb within layouts/application (46.6ms)
Completed 200 OK in 65ms (Views: 57.8ms | ActiveRecord: 1.3ms)


Started GET "/assets/application.css?body=1" for 201.141.110.1 at 2014-01-05 07:34:37 +0000


Started GET "/assets/display.css?body=1" for 201.141.110.1 at 2014-01-05 07:34:37 +0000


Started GET "/assets/home.css?body=1" for 201.141.110.1 at 2014-01-05 07:34:37 +0000


Started GET "/assets/jquery.js?body=1" for 201.141.110.1 at 2014-01-05 07:34:37 +0000


Started GET "/assets/display.js?body=1" for 201.141.110.1 at 2014-01-05 07:34:37 +0000


Started GET "/assets/home.js?body=1" for 201.141.110.1 at 2014-01-05 07:34:37 +0000


Started GET "/assets/jquery_ujs.js?body=1" for 201.141.110.1 at 2014-01-05 07:34:37 +0000


Started GET "/assets/application.js?body=1" for 201.141.110.1 at 2014-01-05 07:34:37 +0000


Started POST "/users" for 201.141.110.1 at 2014-01-05 07:34:47 +0000
Processing by Devise::RegistrationsController#create as HTML
  Parameters: {"utf8"=>"✓", "authenticity_token"=>"fQK3LPxG/kGjrvTZWWz6NrU5bf3Ar039ZmvoyOSWxo0=", "user"=>{"email"=>"maudiruiz@gmail.com", "password"=>"[FILTERED]", "password_confirmation"=>"[FILTERED]"}, "commit"=>"Sign up"}
  [1m[36m (0.3ms)[0m  [1mbegin transaction[0m
  [1m[35mUser Exists (0.4ms)[0m  SELECT 1 AS one FROM "users" WHERE "users"."email" = 'maudiruiz@gmail.com' LIMIT 1
Binary data inserted for `string` type on column `encrypted_password`
  [1m[36mSQL (7.5ms)[0m  [1mINSERT INTO "users" ("created_at", "email", "encrypted_password", "updated_at") VALUES (?, ?, ?, ?)[0m  [["created_at", Sun, 05 Jan 2014 07:34:47 UTC +00:00], ["email", "maudiruiz@gmail.com"], ["encrypted_password", "$2a$10$PJQoH/WP9mjXJHFhxjhmdO/dD592I7a6EjO/Cunv4j/qmseqfCQRC"], ["updated_at", Sun, 05 Jan 2014 07:34:47 UTC +00:00]]
  [1m[35m (10.3ms)[0m  commit transaction
  [1m[36m (0.2ms)[0m  [1mbegin transaction[0m
Binary data inserted for `string` type on column `last_sign_in_ip`
Binary data inserted for `string` type on column `current_sign_in_ip`
  [1m[35mSQL (1.6ms)[0m  UPDATE "users" SET "last_sign_in_at" = ?, "current_sign_in_at" = ?, "last_sign_in_ip" = ?, "current_sign_in_ip" = ?, "sign_in_count" = ?, "updated_at" = ? WHERE "users"."id" = 1  [["last_sign_in_at", Sun, 05 Jan 2014 07:34:47 UTC +00:00], ["current_sign_in_at", Sun, 05 Jan 2014 07:34:47 UTC +00:00], ["last_sign_in_ip", "201.141.110.1"], ["current_sign_in_ip", "201.141.110.1"], ["sign_in_count", 1], ["updated_at", Sun, 05 Jan 2014 07:34:47 UTC +00:00]]
  [1m[36m (9.7ms)[0m  [1mcommit transaction[0m
Redirected to http://162.243.211.84:3000/
Completed 302 Found in 203ms (ActiveRecord: 30.0ms)


Started GET "/" for 201.141.110.1 at 2014-01-05 07:34:48 +0000
Processing by DisplayController#index as HTML
  [1m[35mUser Load (0.6ms)[0m  SELECT "users".* FROM "users" WHERE "users"."id" = 1 ORDER BY "users"."id" ASC LIMIT 1
  Rendered display/index.html.erb within layouts/application (6.2ms)
Completed 200 OK in 19ms (Views: 15.9ms | ActiveRecord: 0.6ms)


Started GET "/assets/application.css?body=1" for 201.141.110.1 at 2014-01-05 07:34:48 +0000


Started GET "/assets/display.css?body=1" for 201.141.110.1 at 2014-01-05 07:34:48 +0000


Started GET "/assets/home.css?body=1" for 201.141.110.1 at 2014-01-05 07:34:48 +0000


Started GET "/assets/jquery.js?body=1" for 201.141.110.1 at 2014-01-05 07:34:48 +0000


Started GET "/assets/jquery_ujs.js?body=1" for 201.141.110.1 at 2014-01-05 07:34:48 +0000


Started GET "/assets/display.js?body=1" for 201.141.110.1 at 2014-01-05 07:34:48 +0000


Started GET "/assets/home.js?body=1" for 201.141.110.1 at 2014-01-05 07:34:48 +0000


Started GET "/assets/application.js?body=1" for 201.141.110.1 at 2014-01-05 07:34:48 +0000


Started DELETE "/users/sign_out" for 201.141.110.1 at 2014-01-05 07:34:51 +0000
Processing by Devise::SessionsController#destroy as HTML
  Parameters: {"authenticity_token"=>"fQK3LPxG/kGjrvTZWWz6NrU5bf3Ar039ZmvoyOSWxo0="}
  [1m[36mUser Load (0.5ms)[0m  [1mSELECT "users".* FROM "users" WHERE "users"."id" = 1 ORDER BY "users"."id" ASC LIMIT 1[0m
  [1m[35m (0.2ms)[0m  begin transaction
  [1m[36m (0.1ms)[0m  [1mcommit transaction[0m
Redirected to http://162.243.211.84:3000/
Completed 302 Found in 78ms (ActiveRecord: 0.8ms)


Started GET "/" for 201.141.110.1 at 2014-01-05 07:34:51 +0000
Processing by DisplayController#index as HTML
  Rendered display/index.html.erb within layouts/application (1.8ms)
Completed 200 OK in 25ms (Views: 23.3ms | ActiveRecord: 0.0ms)


Started GET "/assets/application.css?body=1" for 201.141.110.1 at 2014-01-05 07:34:52 +0000


Started GET "/assets/display.css?body=1" for 201.141.110.1 at 2014-01-05 07:34:52 +0000


Started GET "/assets/home.css?body=1" for 201.141.110.1 at 2014-01-05 07:34:52 +0000


Started GET "/assets/jquery.js?body=1" for 201.141.110.1 at 2014-01-05 07:34:52 +0000


Started GET "/assets/jquery_ujs.js?body=1" for 201.141.110.1 at 2014-01-05 07:34:52 +0000


Started GET "/assets/display.js?body=1" for 201.141.110.1 at 2014-01-05 07:34:52 +0000


Started GET "/assets/home.js?body=1" for 201.141.110.1 at 2014-01-05 07:34:52 +0000


Started GET "/assets/application.js?body=1" for 201.141.110.1 at 2014-01-05 07:34:52 +0000


Started GET "/users/auth/facebook" for 201.141.110.1 at 2014-01-05 07:34:55 +0000


Started GET "/users/auth/facebook/callback?code=AQAc9g4aPZMXtaZo4tciLXSe7oUM1wwPU05JcSsTcD5xP35OKEcnXH753eek-g1HBYcKJLP-h4r1bDHHqp3tCv7NFbcr4aXCuJkkHNRmM3AYOqCfWUZ2_OSUe5QEIeBfMrYI7sCUk33VV2V0KPzl7aOSJQcouuq_4JINcn5ClkdyEKX3QBKwQjERIpL3MNjoRRVFum3t36lJRg94T69DYu18HzUCZJsBwue2gxwahlP6fBn-Xt3bvsskNVJ5ewZQM0xJKms1fZ1R71PCg92jQJEGrz_ayCQ_EfuJlymZCqf4Z0ldi_B0zP95BXj4MQTZPV0&state=cfce24644b4010ef870a5415a41290f08a4f56d70cefe4c7" for 201.141.110.1 at 2014-01-05 07:35:00 +0000
Processing by Users::OmniauthCallbacksController#facebook as HTML
  Parameters: {"code"=>"AQAc9g4aPZMXtaZo4tciLXSe7oUM1wwPU05JcSsTcD5xP35OKEcnXH753eek-g1HBYcKJLP-h4r1bDHHqp3tCv7NFbcr4aXCuJkkHNRmM3AYOqCfWUZ2_OSUe5QEIeBfMrYI7sCUk33VV2V0KPzl7aOSJQcouuq_4JINcn5ClkdyEKX3QBKwQjERIpL3MNjoRRVFum3t36lJRg94T69DYu18HzUCZJsBwue2gxwahlP6fBn-Xt3bvsskNVJ5ewZQM0xJKms1fZ1R71PCg92jQJEGrz_ayCQ_EfuJlymZCqf4Z0ldi_B0zP95BXj4MQTZPV0", "state"=>"cfce24644b4010ef870a5415a41290f08a4f56d70cefe4c7"}
  [1m[35mUser Load (0.5ms)[0m  SELECT "users".* FROM "users" WHERE "users"."provider" = 'facebook' AND "users"."uid" = '698860797' ORDER BY "users"."id" ASC LIMIT 1
#<OmniAuth::AuthHash credentials=#<OmniAuth::AuthHash expires=true expires_at=1394090477 token="CAAJHNAoZC16EBAKXh9K8utDmdc1EADXv7IyGQURsoIg5q0CdKcUeYiOUAHIQQqjZCZC2ZAmcXwvbZARYoqRbnZAG3IQZBdWZCkPE9l0SIODCHIdaVdwIBzi80PXliyoA2kiJDbF5FG4qxVRNVdZAbQnYd9ZCkMBqKEFyZAnWTBwhwT1pl4gL0CvwIykLixI1Cj72MkZD"> extra=#<OmniAuth::AuthHash raw_info=#<OmniAuth::AuthHash bio="LUST" birthday="10/08/1992" education=[#<OmniAuth::AuthHash school=#<OmniAuth::AuthHash id="115167268499095" name="Facultad de Ingenieria, UNAM"> type="College">] email="maudiruiz@hotmail.com" favorite_athletes=[#<OmniAuth::AuthHash id="534297216587203" name="Ponce De León Expediciones">] first_name="Mau" gender="male" hometown=#<OmniAuth::AuthHash id="114897945188014" name="Mexico City, Mexico"> id="698860797" last_name="Ruiz" link="https://www.facebook.com/mau.ruiz.9" locale="es_LA" location=#<OmniAuth::AuthHash id="114897945188014" name="Mexico City, Mexico"> name="Mau Ruiz" timezone=-6 updated_time="2014-01-03T21:11:50+0000" username="mau.ruiz.9" verified=true>> info=#<OmniAuth::AuthHash::InfoHash description="LUST" email="maudiruiz@hotmail.com" first_name="Mau" image="http://graph.facebook.com/698860797/picture?type=square" last_name="Ruiz" location="Mexico City, Mexico" name="Mau Ruiz" nickname="mau.ruiz.9" urls=#<OmniAuth::AuthHash Facebook="https://www.facebook.com/mau.ruiz.9"> verified=true> provider="facebook" uid="698860797">
  [1m[36m (0.2ms)[0m  [1mbegin transaction[0m
  [1m[35mUser Exists (0.3ms)[0m  SELECT 1 AS one FROM "users" WHERE "users"."email" = 'maudiruiz@hotmail.com' LIMIT 1
Binary data inserted for `string` type on column `encrypted_password`
  [1m[36mSQL (1.2ms)[0m  [1mINSERT INTO "users" ("birthday", "created_at", "email", "encrypted_password", "gender", "name", "provider", "uid", "updated_at") VALUES (?, ?, ?, ?, ?, ?, ?, ?, ?)[0m  [["birthday", "10/08/1992"], ["created_at", Sun, 05 Jan 2014 07:35:00 UTC +00:00], ["email", "maudiruiz@hotmail.com"], ["encrypted_password", "$2a$10$2BudxePd9sE69tAIDhk5ae6L4bW32d/R2xhV5WPWsSV.0wcNUAz.."], ["gender", "male"], ["name", "Mau Ruiz"], ["provider", "facebook"], ["uid", "698860797"], ["updated_at", Sun, 05 Jan 2014 07:35:00 UTC +00:00]]
  [1m[35m (4.8ms)[0m  commit transaction
  [1m[36m (0.2ms)[0m  [1mbegin transaction[0m
Binary data inserted for `string` type on column `last_sign_in_ip`
Binary data inserted for `string` type on column `current_sign_in_ip`
  [1m[35mSQL (1.5ms)[0m  UPDATE "users" SET "last_sign_in_at" = ?, "current_sign_in_at" = ?, "last_sign_in_ip" = ?, "current_sign_in_ip" = ?, "sign_in_count" = ?, "updated_at" = ? WHERE "users"."id" = 2  [["last_sign_in_at", Sun, 05 Jan 2014 07:35:00 UTC +00:00], ["current_sign_in_at", Sun, 05 Jan 2014 07:35:00 UTC +00:00], ["last_sign_in_ip", "201.141.110.1"], ["current_sign_in_ip", "201.141.110.1"], ["sign_in_count", 1], ["updated_at", Sun, 05 Jan 2014 07:35:00 UTC +00:00]]
  [1m[36m (13.6ms)[0m  [1mcommit transaction[0m
Redirected to http://162.243.211.84:3000/
Completed 302 Found in 186ms (ActiveRecord: 22.2ms)


Started GET "/" for 201.141.110.1 at 2014-01-05 07:35:00 +0000
Processing by DisplayController#index as HTML
  [1m[35mUser Load (0.5ms)[0m  SELECT "users".* FROM "users" WHERE "users"."id" = 2 ORDER BY "users"."id" ASC LIMIT 1
  Rendered display/index.html.erb within layouts/application (4.3ms)
Completed 200 OK in 19ms (Views: 16.3ms | ActiveRecord: 0.5ms)


Started GET "/assets/application.css?body=1" for 201.141.110.1 at 2014-01-05 07:35:01 +0000


Started GET "/assets/jquery_ujs.js?body=1" for 201.141.110.1 at 2014-01-05 07:35:01 +0000


Started GET "/assets/display.js?body=1" for 201.141.110.1 at 2014-01-05 07:35:01 +0000


Started GET "/assets/home.js?body=1" for 201.141.110.1 at 2014-01-05 07:35:01 +0000


Started GET "/assets/application.js?body=1" for 201.141.110.1 at 2014-01-05 07:35:01 +0000


Started GET "/assets/display.css?body=1" for 201.141.110.1 at 2014-01-05 07:35:01 +0000


Started GET "/assets/home.css?body=1" for 201.141.110.1 at 2014-01-05 07:35:01 +0000


Started GET "/assets/jquery.js?body=1" for 201.141.110.1 at 2014-01-05 07:35:01 +0000


Started GET "/" for 201.141.110.1 at 2014-01-05 07:36:32 +0000
Processing by DisplayController#index as HTML
  [1m[36mUser Load (0.8ms)[0m  [1mSELECT "users".* FROM "users" WHERE "users"."id" = 2 ORDER BY "users"."id" ASC LIMIT 1[0m
  Rendered display/index.html.erb within layouts/application (8.1ms)
Completed 200 OK in 19ms (Views: 16.8ms | ActiveRecord: 0.8ms)


Started GET "/assets/application.css?body=1" for 201.141.110.1 at 2014-01-05 07:36:32 +0000


Started GET "/assets/display.css?body=1" for 201.141.110.1 at 2014-01-05 07:36:32 +0000


Started GET "/assets/home.css?body=1" for 201.141.110.1 at 2014-01-05 07:36:32 +0000


Started GET "/assets/jquery.js?body=1" for 201.141.110.1 at 2014-01-05 07:36:32 +0000


Started GET "/assets/jquery_ujs.js?body=1" for 201.141.110.1 at 2014-01-05 07:36:32 +0000


Started GET "/assets/display.js?body=1" for 201.141.110.1 at 2014-01-05 07:36:32 +0000


Started GET "/assets/home.js?body=1" for 201.141.110.1 at 2014-01-05 07:36:32 +0000


Started GET "/assets/application.js?body=1" for 201.141.110.1 at 2014-01-05 07:36:32 +0000


Started GET "/" for 189.212.161.221 at 2014-01-06 22:28:20 +0000
  [1m[36mActiveRecord::SchemaMigration Load (0.2ms)[0m  [1mSELECT "schema_migrations".* FROM "schema_migrations"[0m
Processing by DisplayController#index as HTML
  Rendered display/index.html.erb within layouts/application (32.1ms)
Completed 200 OK in 284ms (Views: 235.2ms | ActiveRecord: 0.0ms)


Started GET "/assets/bootstrap.css?body=1" for 189.212.161.221 at 2014-01-06 22:28:20 +0000


Started GET "/assets/application.css?body=1" for 189.212.161.221 at 2014-01-06 22:28:21 +0000


Started GET "/assets/display.css?body=1" for 189.212.161.221 at 2014-01-06 22:28:21 +0000


Started GET "/assets/jquery.js?body=1" for 189.212.161.221 at 2014-01-06 22:28:21 +0000


Started GET "/assets/012.png" for 189.212.161.221 at 2014-01-06 22:28:21 +0000


Started GET "/assets/bootstrap.js?body=1" for 189.212.161.221 at 2014-01-06 22:28:21 +0000


Started GET "/assets/home.css?body=1" for 189.212.161.221 at 2014-01-06 22:28:21 +0000


Started GET "/assets/jquery_ujs.js?body=1" for 189.212.161.221 at 2014-01-06 22:28:21 +0000


Started GET "/assets/display.js?body=1" for 189.212.161.221 at 2014-01-06 22:28:21 +0000


Started GET "/assets/home.js?body=1" for 189.212.161.221 at 2014-01-06 22:28:21 +0000


Started GET "/assets/application.js?body=1" for 189.212.161.221 at 2014-01-06 22:28:21 +0000


Started GET "/assets/001.png" for 189.212.161.221 at 2014-01-06 22:28:21 +0000


Started GET "/assets/iphone.png" for 189.212.161.221 at 2014-01-06 22:28:21 +0000


Started GET "/assets/003.png" for 189.212.161.221 at 2014-01-06 22:28:21 +0000


Started GET "/assets/004.png" for 189.212.161.221 at 2014-01-06 22:28:21 +0000


Started GET "/assets/005.png" for 189.212.161.221 at 2014-01-06 22:28:21 +0000


Started GET "/assets/002.png" for 189.212.161.221 at 2014-01-06 22:28:21 +0000


Started GET "/assets/010.png" for 189.212.161.221 at 2014-01-06 22:28:21 +0000


Started GET "/assets/009.png" for 189.212.161.221 at 2014-01-06 22:28:22 +0000


Started GET "/assets/007.png" for 189.212.161.221 at 2014-01-06 22:28:22 +0000


Started GET "/assets/006.png" for 189.212.161.221 at 2014-01-06 22:28:22 +0000
