# Logfile created on 2014-01-08 02:09:46 -0600 by logger.rb/41954
I, [2014-01-08T02:09:46.707423 #53916]  INFO -- : 0:  rake (10.1.0) from /Users/maudiruiz/.rvm/gems/ruby-2.0.0-p353@global/specifications/rake-10.1.0.gemspec
I, [2014-01-08T02:09:46.728394 #53916]  INFO -- : 0:  i18n (0.6.9) from /Users/maudiruiz/.rvm/gems/ruby-2.0.0-p353@global/specifications/i18n-0.6.9.gemspec
E, [2014-01-08T02:09:48.793308 #53916] ERROR -- : Gem::FilePermissionError: You don't have write permissions for the /Users/maudiruiz/.rvm/gems/ruby-2.0.0-p353/bin directory.
/Users/maudiruiz/.rvm/gems/ruby-2.0.0-p353@global/gems/executable-hooks-1.2.6/lib/executable-hooks/wrapper.rb:50:in `install_from'  \n/Users/maudiruiz/.rvm/gems/ruby-2.0.0-p353@global/gems/executable-hooks-1.2.6/lib/executable-hooks/wrapper.rb:40:in `install'  \n/Users/maudiruiz/.rvm/gems/ruby-2.0.0-p353@global/gems/executable-hooks-1.2.6/lib/rubygems_plugin.rb:16:in `block in <top (required)>'  \n/Users/maudiruiz/.rvm/rubies/ruby-2.0.0-p353/lib/ruby/site_ruby/2.0.0/rubygems/installer.rb:257:in `call'  \n/Users/maudiruiz/.rvm/rubies/ruby-2.0.0-p353/lib/ruby/site_ruby/2.0.0/rubygems/installer.rb:257:in `block in run_pre_install_hooks'  \n/Users/maudiruiz/.rvm/rubies/ruby-2.0.0-p353/lib/ruby/site_ruby/2.0.0/rubygems/installer.rb:256:in `each'  \n/Users/maudiruiz/.rvm/rubies/ruby-2.0.0-p353/lib/ruby/site_ruby/2.0.0/rubygems/installer.rb:256:in `run_pre_install_hooks'  \n/Users/maudiruiz/.rvm/rubies/ruby-2.0.0-p353/lib/ruby/site_ruby/2.0.0/rubygems/installer.rb:217:in `install'  \n/Users/maudiruiz/.rvm/gems/ruby-2.0.0-p353@global/gems/bundler-1.5.1/lib/bundler/source/rubygems.rb:101:in `block in install'  \n/Users/maudiruiz/.rvm/gems/ruby-2.0.0-p353@global/gems/bundler-1.5.1/lib/bundler/rubygems_integration.rb:118:in `preserve_paths'  \n/Users/maudiruiz/.rvm/gems/ruby-2.0.0-p353@global/gems/bundler-1.5.1/lib/bundler/source/rubygems.rb:94:in `install'  \n/Users/maudiruiz/.rvm/gems/ruby-2.0.0-p353@global/gems/bundler-1.5.1/lib/bundler/installer.rb:111:in `block in install_gem_from_spec'  \n/Users/maudiruiz/.rvm/gems/ruby-2.0.0-p353@global/gems/bundler-1.5.1/lib/bundler/rubygems_integration.rb:150:in `with_build_args'  \n/Users/maudiruiz/.rvm/gems/ruby-2.0.0-p353@global/gems/bundler-1.5.1/lib/bundler/installer.rb:110:in `install_gem_from_spec'  \n/Users/maudiruiz/.rvm/gems/ruby-2.0.0-p353@global/gems/bundler-1.5.1/lib/bundler/installer.rb:295:in `block in install_sequentially'  \n/Users/maudiruiz/.rvm/rubies/ruby-2.0.0-p353/lib/ruby/2.0.0/forwardable.rb:171:in `each'  \n/Users/maudiruiz/.rvm/rubies/ruby-2.0.0-p353/lib/ruby/2.0.0/forwardable.rb:171:in `each'  \n/Users/maudiruiz/.rvm/gems/ruby-2.0.0-p353@global/gems/bundler-1.5.1/lib/bundler/installer.rb:294:in `install_sequentially'  \n/Users/maudiruiz/.rvm/gems/ruby-2.0.0-p353@global/gems/bundler-1.5.1/lib/bundler/installer.rb:97:in `run'  \n/Users/maudiruiz/.rvm/gems/ruby-2.0.0-p353@global/gems/bundler-1.5.1/lib/bundler/installer.rb:15:in `install'  \n/Users/maudiruiz/.rvm/gems/ruby-2.0.0-p353@global/gems/bundler-1.5.1/lib/bundler/cli.rb:257:in `install'  \n/Users/maudiruiz/.rvm/gems/ruby-2.0.0-p353@global/gems/bundler-1.5.1/lib/bundler/vendor/thor/command.rb:27:in `run'  \n/Users/maudiruiz/.rvm/gems/ruby-2.0.0-p353@global/gems/bundler-1.5.1/lib/bundler/vendor/thor/invocation.rb:120:in `invoke_command'  \n/Users/maudiruiz/.rvm/gems/ruby-2.0.0-p353@global/gems/bundler-1.5.1/lib/bundler/vendor/thor.rb:363:in `dispatch'  \n/Users/maudiruiz/.rvm/gems/ruby-2.0.0-p353@global/gems/bundler-1.5.1/lib/bundler/vendor/thor/base.rb:438:in `start'  \n/Users/maudiruiz/.rvm/gems/ruby-2.0.0-p353@global/gems/bundler-1.5.1/lib/bundler/cli.rb:10:in `start'  \n/Users/maudiruiz/.rvm/gems/ruby-2.0.0-p353@global/gems/bundler-1.5.1/bin/bundle:22:in `block in <top (required)>'  \n/Users/maudiruiz/.rvm/gems/ruby-2.0.0-p353@global/gems/bundler-1.5.1/lib/bundler/friendly_errors.rb:5:in `with_friendly_errors'  \n/Users/maudiruiz/.rvm/gems/ruby-2.0.0-p353@global/gems/bundler-1.5.1/bin/bundle:22:in `<top (required)>'  \n/Users/maudiruiz/.rvm/gems/ruby-2.0.0-p353@global/bin/bundle:23:in `load'  \n/Users/maudiruiz/.rvm/gems/ruby-2.0.0-p353@global/bin/bundle:23:in `<main>'  \n/Users/maudiruiz/.rvm/gems/ruby-2.0.0-p353@global/bin/ruby_executable_hooks:15:in `eval'  \n/Users/maudiruiz/.rvm/gems/ruby-2.0.0-p353@global/bin/ruby_executable_hooks:15:in `<main>'
I, [2014-01-08T02:10:12.127286 #53962]  INFO -- : 0:  rake (10.1.0) from /Users/maudiruiz/.rvm/rubies/ruby-2.0.0-p353/lib/ruby/gems/2.0.0/specifications/rake-10.1.0.gemspec
I, [2014-01-08T02:10:12.137213 #53962]  INFO -- : 0:  i18n (0.6.9) from /Users/maudiruiz/.rvm/rubies/ruby-2.0.0-p353/lib/ruby/gems/2.0.0/specifications/i18n-0.6.9.gemspec
I, [2014-01-08T02:10:14.756803 #53962]  INFO -- : 0:  minitest (4.7.5) from /Users/maudiruiz/.rvm/rubies/ruby-2.0.0-p353/lib/ruby/gems/2.0.0/specifications/minitest-4.7.5.gemspec
I, [2014-01-08T02:10:14.757347 #53962]  INFO -- : 0:  multi_json (1.8.2) from /Users/maudiruiz/.rvm/rubies/ruby-2.0.0-p353/lib/ruby/gems/2.0.0/specifications/multi_json-1.8.2.gemspec
I, [2014-01-08T02:10:14.757710 #53962]  INFO -- : 0:  atomic (1.1.14) from /Users/maudiruiz/.rvm/rubies/ruby-2.0.0-p353/lib/ruby/gems/2.0.0/specifications/atomic-1.1.14.gemspec
I, [2014-01-08T02:10:14.758065 #53962]  INFO -- : 0:  thread_safe (0.1.3) from /Users/maudiruiz/.rvm/rubies/ruby-2.0.0-p353/lib/ruby/gems/2.0.0/specifications/thread_safe-0.1.3.gemspec
I, [2014-01-08T02:10:14.758418 #53962]  INFO -- : 0:  tzinfo (0.3.38) from /Users/maudiruiz/.rvm/rubies/ruby-2.0.0-p353/lib/ruby/gems/2.0.0/specifications/tzinfo-0.3.38.gemspec
I, [2014-01-08T02:10:18.558332 #53962]  INFO -- : 0:  activesupport (4.0.2) from /Users/maudiruiz/.rvm/rubies/ruby-2.0.0-p353/lib/ruby/gems/2.0.0/specifications/activesupport-4.0.2.gemspec
I, [2014-01-08T02:10:20.037021 #53962]  INFO -- : 0:  builder (3.1.4) from /Users/maudiruiz/.rvm/rubies/ruby-2.0.0-p353/lib/ruby/gems/2.0.0/specifications/builder-3.1.4.gemspec
I, [2014-01-08T02:10:20.037593 #53962]  INFO -- : 0:  erubis (2.7.0) from /Users/maudiruiz/.rvm/rubies/ruby-2.0.0-p353/lib/ruby/gems/2.0.0/specifications/erubis-2.7.0.gemspec
I, [2014-01-08T02:10:22.251097 #53962]  INFO -- : 0:  rack (1.5.2) from /Users/maudiruiz/.rvm/rubies/ruby-2.0.0-p353/lib/ruby/gems/2.0.0/specifications/rack-1.5.2.gemspec
I, [2014-01-08T02:10:22.251982 #53962]  INFO -- : 0:  rack-test (0.6.2) from /Users/maudiruiz/.rvm/rubies/ruby-2.0.0-p353/lib/ruby/gems/2.0.0/specifications/rack-test-0.6.2.gemspec
I, [2014-01-08T02:10:24.714524 #53962]  INFO -- : 0:  actionpack (4.0.2) from /Users/maudiruiz/.rvm/rubies/ruby-2.0.0-p353/lib/ruby/gems/2.0.0/specifications/actionpack-4.0.2.gemspec
I, [2014-01-08T02:10:24.715158 #53962]  INFO -- : 0:  mime-types (1.25.1) from /Users/maudiruiz/.rvm/rubies/ruby-2.0.0-p353/lib/ruby/gems/2.0.0/specifications/mime-types-1.25.1.gemspec
I, [2014-01-08T02:10:24.715531 #53962]  INFO -- : 0:  polyglot (0.3.3) from /Users/maudiruiz/.rvm/rubies/ruby-2.0.0-p353/lib/ruby/gems/2.0.0/specifications/polyglot-0.3.3.gemspec
I, [2014-01-08T02:10:24.715888 #53962]  INFO -- : 0:  treetop (1.4.15) from /Users/maudiruiz/.rvm/rubies/ruby-2.0.0-p353/lib/ruby/gems/2.0.0/specifications/treetop-1.4.15.gemspec
I, [2014-01-08T02:10:26.631630 #53962]  INFO -- : 0:  mail (2.5.4) from /Users/maudiruiz/.rvm/rubies/ruby-2.0.0-p353/lib/ruby/gems/2.0.0/specifications/mail-2.5.4.gemspec
I, [2014-01-08T02:10:27.739054 #53962]  INFO -- : 0:  actionmailer (4.0.2) from /Users/maudiruiz/.rvm/rubies/ruby-2.0.0-p353/lib/ruby/gems/2.0.0/specifications/actionmailer-4.0.2.gemspec
I, [2014-01-08T02:10:28.952006 #53962]  INFO -- : 0:  activemodel (4.0.2) from /Users/maudiruiz/.rvm/rubies/ruby-2.0.0-p353/lib/ruby/gems/2.0.0/specifications/activemodel-4.0.2.gemspec
I, [2014-01-08T02:10:30.055815 #53962]  INFO -- : 0:  activerecord-deprecated_finders (1.0.3) from /Users/maudiruiz/.rvm/rubies/ruby-2.0.0-p353/lib/ruby/gems/2.0.0/specifications/activerecord-deprecated_finders-1.0.3.gemspec
I, [2014-01-08T02:10:32.240176 #53962]  INFO -- : 0:  arel (4.0.1) from /Users/maudiruiz/.rvm/rubies/ruby-2.0.0-p353/lib/ruby/gems/2.0.0/specifications/arel-4.0.1.gemspec
I, [2014-01-08T02:10:34.628043 #53962]  INFO -- : 0:  activerecord (4.0.2) from /Users/maudiruiz/.rvm/rubies/ruby-2.0.0-p353/lib/ruby/gems/2.0.0/specifications/activerecord-4.0.2.gemspec
I, [2014-01-08T02:10:34.628521 #53962]  INFO -- : 0:  bcrypt-ruby (3.1.2) from /Users/maudiruiz/.rvm/rubies/ruby-2.0.0-p353/lib/ruby/gems/2.0.0/specifications/bcrypt-ruby-3.1.2.gemspec
I, [2014-01-08T02:10:34.628841 #53962]  INFO -- : 0:  coffee-script-source (1.6.3) from /Users/maudiruiz/.rvm/rubies/ruby-2.0.0-p353/lib/ruby/gems/2.0.0/specifications/coffee-script-source-1.6.3.gemspec
I, [2014-01-08T02:10:34.629136 #53962]  INFO -- : 0:  execjs (2.0.2) from /Users/maudiruiz/.rvm/rubies/ruby-2.0.0-p353/lib/ruby/gems/2.0.0/specifications/execjs-2.0.2.gemspec
I, [2014-01-08T02:10:34.629428 #53962]  INFO -- : 0:  coffee-script (2.2.0) from /Users/maudiruiz/.rvm/rubies/ruby-2.0.0-p353/lib/ruby/gems/2.0.0/specifications/coffee-script-2.2.0.gemspec
I, [2014-01-08T02:10:34.629716 #53962]  INFO -- : 0:  thor (0.18.1) from /Users/maudiruiz/.rvm/rubies/ruby-2.0.0-p353/lib/ruby/gems/2.0.0/specifications/thor-0.18.1.gemspec
I, [2014-01-08T02:10:36.752197 #53962]  INFO -- : 0:  railties (4.0.2) from /Users/maudiruiz/.rvm/rubies/ruby-2.0.0-p353/lib/ruby/gems/2.0.0/specifications/railties-4.0.2.gemspec
I, [2014-01-08T02:10:38.204345 #53962]  INFO -- : 0:  coffee-rails (4.0.1) from /Users/maudiruiz/.rvm/rubies/ruby-2.0.0-p353/lib/ruby/gems/2.0.0/specifications/coffee-rails-4.0.1.gemspec
I, [2014-01-08T02:10:39.812187 #53962]  INFO -- : 0:  orm_adapter (0.5.0) from /Users/maudiruiz/.rvm/rubies/ruby-2.0.0-p353/lib/ruby/gems/2.0.0/specifications/orm_adapter-0.5.0.gemspec
I, [2014-01-08T02:10:39.812737 #53962]  INFO -- : 0:  warden (1.2.3) from /Users/maudiruiz/.rvm/rubies/ruby-2.0.0-p353/lib/ruby/gems/2.0.0/specifications/warden-1.2.3.gemspec
I, [2014-01-08T02:10:48.250004 #53962]  INFO -- : 0:  devise (3.2.2) from /Users/maudiruiz/.rvm/rubies/ruby-2.0.0-p353/lib/ruby/gems/2.0.0/specifications/devise-3.2.2.gemspec
I, [2014-01-08T02:10:48.326472 #53962]  INFO -- : 0:  multipart-post (1.2.0) from /Users/maudiruiz/.rvm/rubies/ruby-2.0.0-p353/lib/ruby/gems/2.0.0/specifications/multipart-post-1.2.0.gemspec
I, [2014-01-08T02:10:48.326970 #53962]  INFO -- : 0:  faraday (0.8.8) from /Users/maudiruiz/.rvm/rubies/ruby-2.0.0-p353/lib/ruby/gems/2.0.0/specifications/faraday-0.8.8.gemspec
I, [2014-01-08T02:10:48.327325 #53962]  INFO -- : 0:  hashie (2.0.5) from /Users/maudiruiz/.rvm/rubies/ruby-2.0.0-p353/lib/ruby/gems/2.0.0/specifications/hashie-2.0.5.gemspec
I, [2014-01-08T02:10:48.327672 #53962]  INFO -- : 0:  hike (1.2.3) from /Users/maudiruiz/.rvm/rubies/ruby-2.0.0-p353/lib/ruby/gems/2.0.0/specifications/hike-1.2.3.gemspec
I, [2014-01-08T02:10:48.328021 #53962]  INFO -- : 0:  httpauth (0.2.0) from /Users/maudiruiz/.rvm/rubies/ruby-2.0.0-p353/lib/ruby/gems/2.0.0/specifications/httpauth-0.2.0.gemspec
I, [2014-01-08T02:10:53.113432 #53962]  INFO -- : 0:  jbuilder (1.5.3) from /Users/maudiruiz/.rvm/rubies/ruby-2.0.0-p353/lib/ruby/gems/2.0.0/specifications/jbuilder-1.5.3.gemspec
I, [2014-01-08T02:10:53.114618 #53962]  INFO -- : 0:  jquery-rails (3.0.4) from /Users/maudiruiz/.rvm/rubies/ruby-2.0.0-p353/lib/ruby/gems/2.0.0/specifications/jquery-rails-3.0.4.gemspec
I, [2014-01-08T02:10:53.115416 #53962]  INFO -- : 0:  json (1.8.1) from /Users/maudiruiz/.rvm/rubies/ruby-2.0.0-p353/lib/ruby/gems/2.0.0/specifications/json-1.8.1.gemspec
I, [2014-01-08T02:10:53.116132 #53962]  INFO -- : 0:  jwt (0.1.8) from /Users/maudiruiz/.rvm/rubies/ruby-2.0.0-p353/lib/ruby/gems/2.0.0/specifications/jwt-0.1.8.gemspec
I, [2014-01-08T02:10:53.116829 #53962]  INFO -- : 0:  oauth2 (0.8.1) from /Users/maudiruiz/.rvm/rubies/ruby-2.0.0-p353/lib/ruby/gems/2.0.0/specifications/oauth2-0.8.1.gemspec
I, [2014-01-08T02:10:53.117480 #53962]  INFO -- : 0:  omniauth (1.1.4) from /Users/maudiruiz/.rvm/rubies/ruby-2.0.0-p353/lib/ruby/gems/2.0.0/specifications/omniauth-1.1.4.gemspec
I, [2014-01-08T02:10:53.118155 #53962]  INFO -- : 0:  omniauth-oauth2 (1.1.1) from /Users/maudiruiz/.rvm/rubies/ruby-2.0.0-p353/lib/ruby/gems/2.0.0/specifications/omniauth-oauth2-1.1.1.gemspec
I, [2014-01-08T02:10:54.971083 #53962]  INFO -- : 0:  omniauth-facebook (1.5.1) from /Users/maudiruiz/.rvm/rubies/ruby-2.0.0-p353/lib/ruby/gems/2.0.0/specifications/omniauth-facebook-1.5.1.gemspec
I, [2014-01-08T02:10:56.701054 #53962]  INFO -- : 0:  protected_attributes (1.0.5) from /Users/maudiruiz/.rvm/rubies/ruby-2.0.0-p353/lib/ruby/gems/2.0.0/specifications/protected_attributes-1.0.5.gemspec
I, [2014-01-08T02:10:56.701494 #53962]  INFO -- : 0:  bundler (1.5.1) from /Users/maudiruiz/.rvm/rubies/ruby-2.0.0-p353/lib/ruby/gems/2.0.0/specifications/bundler-1.5.1.gemspec
I, [2014-01-08T02:10:56.701852 #53962]  INFO -- : 0:  tilt (1.4.1) from /Users/maudiruiz/.rvm/rubies/ruby-2.0.0-p353/lib/ruby/gems/2.0.0/specifications/tilt-1.4.1.gemspec
I, [2014-01-08T02:10:58.600927 #53962]  INFO -- : 0:  sprockets (2.10.1) from /Users/maudiruiz/.rvm/rubies/ruby-2.0.0-p353/lib/ruby/gems/2.0.0/specifications/sprockets-2.10.1.gemspec
I, [2014-01-08T02:11:00.167744 #53962]  INFO -- : 0:  sprockets-rails (2.0.1) from /Users/maudiruiz/.rvm/rubies/ruby-2.0.0-p353/lib/ruby/gems/2.0.0/specifications/sprockets-rails-2.0.1.gemspec
I, [2014-01-08T02:11:04.926558 #53962]  INFO -- : 0:  rails (4.0.2) from /Users/maudiruiz/.rvm/rubies/ruby-2.0.0-p353/lib/ruby/gems/2.0.0/specifications/rails-4.0.2.gemspec
I, [2014-01-08T02:11:04.956184 #53962]  INFO -- : 0:  rdoc (3.12.2) from /Users/maudiruiz/.rvm/rubies/ruby-2.0.0-p353/lib/ruby/gems/2.0.0/specifications/rdoc-3.12.2.gemspec
I, [2014-01-08T02:11:04.965094 #53962]  INFO -- : 0:  sass (3.2.12) from /Users/maudiruiz/.rvm/rubies/ruby-2.0.0-p353/lib/ruby/gems/2.0.0/specifications/sass-3.2.12.gemspec
I, [2014-01-08T02:11:07.000639 #53962]  INFO -- : 0:  sass-rails (4.0.1) from /Users/maudiruiz/.rvm/rubies/ruby-2.0.0-p353/lib/ruby/gems/2.0.0/specifications/sass-rails-4.0.1.gemspec
I, [2014-01-08T02:11:08.900972 #53962]  INFO -- : 0:  sdoc (0.3.20) from /Users/maudiruiz/.rvm/rubies/ruby-2.0.0-p353/lib/ruby/gems/2.0.0/specifications/sdoc-0.3.20.gemspec
I, [2014-01-08T02:11:08.901503 #53962]  INFO -- : 0:  sqlite3 (1.3.8) from /Users/maudiruiz/.rvm/rubies/ruby-2.0.0-p353/lib/ruby/gems/2.0.0/specifications/sqlite3-1.3.8.gemspec
I, [2014-01-08T02:11:10.461668 #53962]  INFO -- : 0:  turbolinks (2.1.0) from /Users/maudiruiz/.rvm/rubies/ruby-2.0.0-p353/lib/ruby/gems/2.0.0/specifications/turbolinks-2.1.0.gemspec
I, [2014-01-08T02:11:12.337167 #53962]  INFO -- : 0:  uglifier (2.4.0) from /Users/maudiruiz/.rvm/rubies/ruby-2.0.0-p353/lib/ruby/gems/2.0.0/specifications/uglifier-2.4.0.gemspec
